<?xml version="1.0" encoding="UTF-8"?>
<TestRun id="a96999e1-c230-434b-bc89-f45013aa08e4" name="Paolo@PC-PAOLO 2014-10-22 17:20:35" runUser="Pc-Paolo\Paolo" xmlns="http://microsoft.com/schemas/VisualStudio/TeamTest/2010">
  <TestSettings name="Local" id="896913ae-bd1c-4f3f-84d8-788ed216ec52">
    <Description>These are default test settings for a local test run.</Description>
    <Deployment enabled="false" runDeploymentRoot="Paolo_PC-PAOLO 2014-10-22 17_20_35">
      <DeploymentItem filename="C:\Program Files (x86)\Microsoft XNA\XNA Game Studio\v4.0\References\Windows\x86\Microsoft.Xna.Framework.dll" />
      <DeploymentItem filename="C:\Personale\Mine\C#\Xna\Gaming\3d\SimulazioneFisica\Paul.PhysicsSimulator.Game\Paul.PhysicsSimulator.Engine\bin\Debug\Paul.PhysicsSimulator.Engine.dll" />
      <DeploymentItem filename="C:\Personale\Mine\C#\Xna\Gaming\3d\SimulazioneFisica\Paul.PhysicsSimulator.Game\packages\DocumentFormat.OpenXml.2.5\lib\DocumentFormat.OpenXml.dll" />
    </Deployment>
    <Execution>
      <TestTypeSpecific />
      <AgentRule name="Execution Agents">
      </AgentRule>
    </Execution>
  </TestSettings>
  <Times creation="2014-10-22T17:20:35.1875055+02:00" queuing="2014-10-22T17:20:35.2512119+02:00" start="2014-10-22T17:20:35.2582161+02:00" finish="2014-10-22T17:20:36.3112731+02:00" />
  <ResultSummary outcome="Failed">
    <Counters total="1" executed="1" error="0" failed="1" timeout="0" aborted="0" inconclusive="0" passedButRunAborted="0" notRunnable="0" notExecuted="0" disconnected="0" warning="0" passed="0" completed="0" inProgress="0" pending="0" />
  </ResultSummary>
  <TestDefinitions>
    <UnitTest name="Test_ParticleSpring_Update" storage="c:\personale\mine\c#\xna\gaming\3d\simulazionefisica\paul.physicssimulator.game\paul.physicssimulator.unittest\bin\debug\paul.physicssimulator.unittest.dll" id="05bb5865-1c96-b3c0-ee87-5b9a292904ad">
      <Execution id="c667d0e5-4457-4de6-95e9-9512b69ef6bd" />
      <TestMethod codeBase="C:/Personale/Mine/C#/Xna/Gaming/3d/SimulazioneFisica/Paul.PhysicsSimulator.Game/Paul.PhysicsSimulator.UnitTest/bin/Debug/Paul.PhysicsSimulator.UnitTest.DLL" adapterTypeName="Microsoft.VisualStudio.TestTools.TestTypes.Unit.UnitTestAdapter, Microsoft.VisualStudio.QualityTools.Tips.UnitTest.Adapter, Version=10.0.0.0, Culture=neutral, PublicKeyToken=b03f5f7f11d50a3a" className="Paul.PhysicsSimulator.UnitTest.ForceGeneratorsTest, Paul.PhysicsSimulator.UnitTest, Version=1.0.0.0, Culture=neutral, PublicKeyToken=null" name="Test_ParticleSpring_Update" />
    </UnitTest>
  </TestDefinitions>
  <TestLists>
    <TestList name="Results Not in a List" id="8c84fa94-04c1-424b-9868-57a2d4851a1d" />
    <TestList name="All Loaded Results" id="19431567-8539-422a-85d7-44ee4e166bda" />
  </TestLists>
  <TestEntries>
    <TestEntry testId="05bb5865-1c96-b3c0-ee87-5b9a292904ad" executionId="c667d0e5-4457-4de6-95e9-9512b69ef6bd" testListId="8c84fa94-04c1-424b-9868-57a2d4851a1d" />
  </TestEntries>
  <Results>
    <UnitTestResult executionId="c667d0e5-4457-4de6-95e9-9512b69ef6bd" testId="05bb5865-1c96-b3c0-ee87-5b9a292904ad" testName="Test_ParticleSpring_Update" computerName="PC-PAOLO" duration="00:00:00.6562241" startTime="2014-10-22T17:20:35.2622188+02:00" endTime="2014-10-22T17:20:36.2912628+02:00" testType="13cdc9d9-ddb5-4fa4-a97d-d965ccfc6d4b" outcome="Failed" testListId="8c84fa94-04c1-424b-9868-57a2d4851a1d" relativeResultsDirectory="c667d0e5-4457-4de6-95e9-9512b69ef6bd">
      <Output>
        <StdOut>0,016;5;0;0;2,5;
0,016;5,00064;0,04;2,5;2,49936;
0,016;5,00192;0,07998976;2,49936;2,49808;
0,016;5,003839;0,119959;2,49808;2,496161;
0,016;5,006397;0,1598976;2,496161;2,493603;
0,016;5,009594;0,1997953;2,493603;2,490406;
0,016;5,013428;0,2396418;2,490406;2,486572;
0,016;5,017899;0,2794269;2,486572;2,482101;
0,016;5,023005;0,3191406;2,482101;2,476995;
0,016;5,028746;0,3587725;2,476995;2,471254;
0,016;5,035119;0,3983125;2,471254;2,464881;
0,016;5,042122;0,4377506;2,464881;2,457878;
0,016;5,049756;0,4770767;2,457878;2,450244;
0,016;5,058016;0,5162806;2,450244;2,441984;
0,016;5,066902;0,5553523;2,441984;2,433098;
0,016;5,076411;0,5942819;2,433098;2,423589;
0,016;5,08654;0,6330593;2,423589;2,41346;
0,016;5,097287;0,6716747;2,41346;2,402713;
0,016;5,108649;0,7101181;2,402713;2,391351;
0,016;5,120623;0,7483797;2,391351;2,379377;
0,016;5,133206;0,7864497;2,379377;2,366794;
0,016;5,146395;0,8243184;2,366794;2,353605;
0,016;5,160187;0,8619761;2,353605;2,339813;
0,016;5,174577;0,8994131;2,339813;2,325423;
0,016;5,189563;0,9366199;2,325423;2,310437;
0,016;5,205141;0,9735869;2,310437;2,294859;
0,016;5,221305;1,010305;2,294859;2,278695;
0,016;5,238054;1,046764;2,278695;2,261946;
0,016;5,255381;1,082955;2,261946;2,244619;
0,016;5,273283;1,118869;2,244619;2,226717;
0,016;5,291755;1,154496;2,226717;2,208245;
0,016;5,310792;1,189828;2,208245;2,189208;
0,016;5,330389;1,224856;2,189208;2,169611;
0,016;5,350543;1,259569;2,169611;2,149457;
0,016;5,371246;1,293961;2,149457;2,128754;
0,016;5,392494;1,328021;2,128754;2,107506;
0,016;5,414282;1,361741;2,107506;2,085718;
0,016;5,436604;1,395112;2,085718;2,063396;
0,016;5,459454;1,428127;2,063396;2,040546;
0,016;5,482826;1,460775;2,040546;2,017174;
0,016;5,506714;1,49305;2,017174;1,993286;
0,016;5,531114;1,524943;1,993286;1,968886;
0,016;5,556017;1,556445;1,968886;1,943983;
0,016;5,581418;1,587549;1,943983;1,918582;
0,016;5,607309;1,618246;1,918582;1,892691;
0,016;5,633686;1,648529;1,892691;1,866314;
0,016;5,66054;1,67839;1,866314;1,83946;
0,016;5,687865;1,707821;1,83946;1,812135;
0,016;5,715654;1,736816;1,812135;1,784346;
0,016;5,7439;1,765365;1,784346;1,7561;
0,016;5,772595;1,793463;1,7561;1,727405;
0,016;5,801733;1,821101;1,727405;1,698267;
0,016;5,831306;1,848274;1,698267;1,668694;
0,016;5,861305;1,874973;1,668694;1,638695;
0,016;5,891724;1,901192;1,638695;1,608276;
0,016;5,922555;1,926924;1,608276;1,577445;
0,016;5,95379;1,952163;1,577445;1,54621;
0,016;5,98542;1,976903;1,54621;1,51458;
0,016;6,017438;2,001136;1,51458;1,482562;
0,016;6,049836;2,024857;1,482562;1,450164;
0,016;6,082605;2,048059;1,450164;1,417395;
0,016;6,115736;2,070738;1,417395;1,384264;
0,016;6,149223;2,092886;1,384264;1,350777;
0,016;6,183055;2,114498;1,350777;1,316945;
0,016;6,217224;2,13557;1,316945;1,282776;
0,016;6,251722;2,156094;1,282776;1,248278;
0,016;6,286539;2,176067;1,248278;1,213461;
0,016;6,321667;2,195482;1,213461;1,178333;
0,016;6,357096;2,214335;1,178333;1,142904;
0,016;6,392818;2,232622;1,142904;1,107182;
0,016;6,428823;2,250337;1,107182;1,071177;
0,016;6,465103;2,267476;1,071177;1,034897;
0,016;6,501647;2,284034;1,034897;0,9983525;
0,016;6,538447;2,300008;0,9983525;0,9615526;
0,016;6,575494;2,315392;0,9615526;0,9245062;
0,016;6,612777;2,330185;0,9245062;0,8872232;
0,016;6,650287;2,34438;0,8872232;0,8497133;
0,016;6,688015;2,357976;0,8497133;0,8119855;
0,016;6,72595;2,370967;0,8119855;0,7740502;
0,016;6,764083;2,383352;0,7740502;0,7359166;
0,016;6,802405;2,395127;0,7359166;0,6975946;
0,016;6,840906;2,406289;0,6975946;0,6590939;
0,016;6,879576;2,416834;0,6590939;0,6204243;
0,016;6,918404;2,426761;0,6204243;0,5815959;
0,016;6,957381;2,436066;0,5815959;0,5426188;
0,016;6,996497;2,444748;0,5426188;0,5035028;
0,016;7,035742;2,452805;0,5035028;0,4642582;
0,016;7,075106;2,460233;0,4642582;0,4248943;
0,016;7,114578;2,467031;0,4248943;0,3854218;
0,016;7,15415;2,473198;0,3854218;0,3458505;
0,016;7,193809;2,478731;0,3458505;0,306191;
0,016;7,233547;2,48363;0,306191;0,2664528;
0,016;7,273354;2,487894;0,2664528;0,2266464;
0,016;7,313218;2,49152;0,2266464;0,1867819;
0,016;7,35313;2,494509;0,1867819;0,1468697;
0,016;7,39308;2,496858;0,1468697;0,1069198;
0,016;7,433057;2,498569;0,1069198;0,06694269;
0,016;7,473052;2,49964;0,06694269;0,02694845;
0,016;7,513052;2,500071;0,02694845;-0,01305246;
0,016;7,55305;2,499862;-0,01305246;-0,05305004;
0,016;7,593034;2,499013;-0,05305004;-0,09303427;
0,016;7,632995;2,497525;-0,09303427;-0,1329947;
0,016;7,672921;2,495397;-0,1329947;-0,1729212;
0,016;7,712803;2,49263;-0,1729212;-0,2128034;
0,016;7,752631;2,489225;-0,2128034;-0,2526312;
0,016;7,792394;2,485183;-0,2526312;-0,2923942;
0,016;7,832082;2,480505;-0,2923942;-0,3320823;
0,016;7,871686;2,475192;-0,3320823;-0,3716855;
0,016;7,911193;2,469245;-0,3716855;-0,4111934;
0,016;7,950596;2,462666;-0,4111934;-0,4505959;
0,016;7,989883;2,455456;-0,4505959;-0,4898829;
0,016;8,029045;2,447618;-0,4898829;-0,5290451;
0,016;8,068071;2,439153;-0,5290451;-0,5680714;
0,016;8,106953;2,430064;-0,5680714;-0,6069527;
0,016;8,145679;2,420353;-0,6069527;-0,6456785;
0,016;8,184238;2,410022;-0,6456785;-0,6842384;
0,016;8,222624;2,399074;-0,6842384;-0,7226238;
0,016;8,260824;2,387512;-0,7226238;-0,7608242;
0,016;8,29883;2,375339;-0,7608242;-0,79883;
0,016;8,336631;2,362558;-0,79883;-0,8366308;
0,016;8,374218;2,349172;-0,8366308;-0,874218;
0,016;8,411581;2,335184;-0,874218;-0,911581;
0,016;8,44871;2,320599;-0,911581;-0,9487104;
0,016;8,485598;2,305419;-0,9487104;-0,9855976;
0,016;8,522232;2,28965;-0,9855976;-1,022232;
0,016;8,558605;2,273294;-1,022232;-1,058605;
0,016;8,594707;2,256356;-1,058605;-1,094707;
0,016;8,630528;2,238841;-1,094707;-1,130528;
0,016;8,66606;2,220753;-1,130528;-1,16606;
0,016;8,701294;2,202096;-1,16606;-1,201294;
0,016;8,73622;2,182875;-1,201294;-1,23622;
0,016;8,77083;2,163096;-1,23622;-1,27083;
0,016;8,805115;2,142762;-1,27083;-1,305115;
0,016;8,839065;2,121881;-1,305115;-1,339065;
0,016;8,872672;2,100456;-1,339065;-1,372672;
0,016;8,905928;2,078493;-1,372672;-1,405928;
0,016;8,938824;2,055998;-1,405928;-1,438824;
0,016;8,971352;2,032977;-1,438824;-1,471352;
0,016;9,003503;2,009435;-1,471352;-1,503503;
0,016;9,035269;1,985379;-1,503503;-1,535269;
0,016;9,066642;1,960815;-1,535269;-1,566642;
0,016;9,097613;1,935749;-1,566642;-1,597613;
0,016;9,128177;1,910187;-1,597613;-1,628177;
0,016;9,158323;1,884136;-1,628177;-1,658323;
0,016;9,188045;1,857603;-1,658323;-1,688045;
0,016;9,217334;1,830594;-1,688045;-1,717334;
0,016;9,246183;1,803117;-1,717334;-1,746183;
0,016;9,274587;1,775178;-1,746183;-1,774587;
0,016;9,302535;1,746784;-1,774587;-1,802535;
0,016;9,330022;1,717944;-1,802535;-1,830022;
0,016;9,35704;1,688663;-1,830022;-1,85704;
0,016;9,383584;1,658951;-1,85704;-1,883584;
0,016;9,409645;1,628814;-1,883584;-1,909645;
0,016;9,435217;1,598259;-1,909645;-1,935217;
0,016;9,460294;1,567296;-1,935217;-1,960294;
0,016;9,484869;1,535931;-1,960294;-1,984869;
0,016;9,508936;1,504173;-1,984869;-2,008936;
0,016;9,532489;1,47203;-2,008936;-2,032489;
0,016;9,555521;1,43951;-2,032489;-2,055521;
0,016;9,578027;1,406622;-2,055521;-2,078027;
0,016;9,6;1,373374;-2,078027;-2,1;
0,016;9,621437;1,339774;-2,1;-2,121437;
0,016;9,64233;1,305831;-2,121437;-2,14233;
0,016;9,662675;1,271553;-2,14233;-2,162675;
0,016;9,682467;1,236951;-2,162675;-2,182467;
0,016;9,701699;1,202031;-2,182467;-2,201699;
0,016;9,720368;1,166804;-2,201699;-2,220368;
0,016;9,738469;1,131278;-2,220368;-2,238469;
0,016;9,755997;1,095463;-2,238469;-2,255997;
0,016;9,772946;1,059367;-2,255997;-2,272946;
0,016;9,789314;1,022999;-2,272946;-2,289314;
0,016;9,805097;0,9863704;-2,289314;-2,305097;
0,016;9,820289;0,9494888;-2,305097;-2,320289;
0,016;9,834887;0,9123642;-2,320289;-2,334887;
0,016;9,848886;0,875006;-2,334887;-2,348886;
0,016;9,862286;0,8374239;-2,348886;-2,362286;
0,016;9,87508;0,7996273;-2,362286;-2,37508;
0,016;9,887266;0,761626;-2,37508;-2,387266;
0,016;9,898841;0,7234297;-2,387266;-2,398841;
0,016;9,909801;0,6850483;-2,398841;-2,409801;
0,016;9,920145;0,6464915;-2,409801;-2,420145;
0,016;9,92987;0,6077691;-2,420145;-2,42987;
0,016;9,938972;0,5688912;-2,42987;-2,438972;
0,016;9,94745;0,5298677;-2,438972;-2,44745;
0,016;9,955301;0,4907085;-2,44745;-2,455301;
0,016;9,962524;0,4514237;-2,455301;-2,462524;
0,016;9,969117;0,4120233;-2,462524;-2,469117;
0,016;9,975078;0,3725174;-2,469117;-2,475078;
0,016;9,980404;0,3329162;-2,475078;-2,480404;
0,016;9,985096;0,2932297;-2,480404;-2,485096;
0,016;9,989151;0,2534682;-2,485096;-2,489151;
0,016;9,992569;0,2136417;-2,489151;-2,492569;
0,016;9,995349;0,1737606;-2,492569;-2,495349;
0,016;9,99749;0,133835;-2,495349;-2,49749;
0,016;9,998992;0,09387519;-2,49749;-2,498992;
0,016;9,999854;0,05389132;-2,498992;-2,499854;
0,016;10,00008;0,01389365;-2,499854;-2,500076;
0,016;9,999659;-0,02610757;-2,500076;-2,499659;
0,016;9,998601;-0,0661021;-2,499659;-2,498601;
0,016;9,996903;-0,1060797;-2,498601;-2,496903;
0,016;9,994567;-0,1460302;-2,496903;-2,494567;
0,016;9,991591;-0,1859432;-2,494567;-2,491591;
0,016;9,987979;-0,2258087;-2,491591;-2,487979;
0,016;9,983729;-0,2656164;-2,487979;-2,483729;
0,016;9,978844;-0,3053561;-2,483729;-2,478844;
0,016;9,973324;-0,3450176;-2,478844;-2,473324;
0,016;9,967171;-0,3845907;-2,473324;-2,467171;
0,016;9,960385;-0,4240655;-2,467171;-2,460385;
0,016;9,952971;-0,4634316;-2,460385;-2,452971;
0,016;9,944927;-0,5026792;-2,452971;-2,444927;
0,016;9,936258;-0,541798;-2,444927;-2,436258;
0,016;9,926966;-0,5807781;-2,436258;-2,426966;
0,016;9,917052;-0,6196096;-2,426966;-2,417052;
0,016;9,90652;-0,6582825;-2,417052;-2,40652;
0,016;9,895371;-0,6967868;-2,40652;-2,395371;
0,016;9,88361;-0,7351127;-2,395371;-2,38361;
0,016;9,871238;-0,7732505;-2,38361;-2,371238;
0,016;9,858258;-0,8111902;-2,371238;-2,358258;
0,016;9,844675;-0,8489224;-2,358258;-2,344675;
0,016;9,830492;-0,8864372;-2,344675;-2,330492;
0,016;9,815712;-0,9237251;-2,330492;-2,315712;
0,016;9,80034;-0,9607764;-2,315712;-2,30034;
0,016;9,784378;-0,9975819;-2,30034;-2,284378;
0,016;9,767832;-1,034132;-2,284378;-2,267832;
0,016;9,750705;-1,070417;-2,267832;-2,250705;
0,016;9,733002;-1,106429;-2,250705;-2,233002;
0,016;9,714727;-1,142157;-2,233002;-2,214727;
0,016;9,695886;-1,177592;-2,214727;-2,195886;
0,016;9,676482;-1,212726;-2,195886;-2,176482;
0,016;9,656522;-1,24755;-2,176482;-2,156522;
0,016;9,636009;-1,282055;-2,156522;-2,136009;
0,016;9,614949;-1,316231;-2,136009;-2,114949;
0,016;9,593349;-1,35007;-2,114949;-2,093349;
0,016;9,571212;-1,383564;-2,093349;-2,071212;
0,016;9,548545;-1,416703;-2,071212;-2,048545;
0,016;9,525353;-1,44948;-2,048545;-2,025353;
0,016;9,501643;-1,481885;-2,025353;-2,001643;
0,016;9,477421;-1,513911;-2,001643;-1,977421;
0,016;9,452692;-1,54555;-1,977421;-1,952692;
0,016;9,427464;-1,576793;-1,952692;-1,927464;
0,016;9,401741;-1,607633;-1,927464;-1,901741;
0,016;9,375532;-1,638061;-1,901741;-1,875532;
0,016;9,348843;-1,668069;-1,875532;-1,848843;
0,016;9,32168;-1,697651;-1,848843;-1,82168;
0,016;9,294051;-1,726797;-1,82168;-1,794051;
0,016;9,265964;-1,755502;-1,794051;-1,765964;
0,016;9,237424;-1,783758;-1,765964;-1,737424;
0,016;9,208439;-1,811556;-1,737424;-1,708439;
0,016;9,179017;-1,838892;-1,708439;-1,679017;
0,016;9,149165;-1,865756;-1,679017;-1,649165;
0,016;9,118891;-1,892142;-1,649165;-1,618891;
0,016;9,088202;-1,918045;-1,618891;-1,588202;
0,016;9,057107;-1,943456;-1,588202;-1,557107;
0,016;9,025613;-1,96837;-1,557107;-1,525613;
0,016;8,993729;-1,992779;-1,525613;-1,493729;
0,016;8,961462;-2,016679;-1,493729;-1,461462;
0,016;8,928821;-2,040062;-1,461462;-1,428821;
0,016;8,895814;-2,062924;-1,428821;-1,395814;
0,016;8,86245;-2,085257;-1,395814;-1,36245;
0,016;8,828736;-2,107056;-1,36245;-1,328736;
0,016;8,794683;-2,128315;-1,328736;-1,294683;
0,016;8,760299;-2,14903;-1,294683;-1,260299;
0,016;8,725592;-2,169195;-1,260299;-1,225592;
0,016;8,690571;-2,188805;-1,225592;-1,190571;
0,016;8,655245;-2,207854;-1,190571;-1,155245;
0,016;8,619623;-2,226338;-1,155245;-1,119623;
0,016;8,583715;-2,244252;-1,119623;-1,083715;
0,016;8,54753;-2,261591;-1,083715;-1,04753;
0,016;8,511077;-2,278352;-1,04753;-1,011077;
0,016;8,474364;-2,294529;-1,011077;-0,9743643;
0,016;8,437403;-2,310119;-0,9743643;-0,9374027;
0,016;8,400201;-2,325117;-0,9374027;-0,9002008;
0,016;8,362768;-2,33952;-0,9002008;-0,8627682;
0,016;8,325115;-2,353324;-0,8627682;-0,8251152;
0,016;8,287251;-2,366526;-0,8251152;-0,7872505;
0,016;8,249185;-2,379122;-0,7872505;-0,7491846;
0,016;8,210927;-2,391109;-0,7491846;-0,710927;
0,016;8,172487;-2,402484;-0,710927;-0,6724873;
0,016;8,133875;-2,413244;-0,6724873;-0,6338749;
0,016;8,0951;-2,423386;-0,6338749;-0,5951004;
0,016;8,056174;-2,432908;-0,5951004;-0,5561743;
0,016;8,017105;-2,441807;-0,5561743;-0,5171051;
0,016;7,977904;-2,45008;-0,5171051;-0,4779038;
0,016;7,93858;-2,457727;-0,4779038;-0,43858;
0,016;7,899144;-2,464744;-0,43858;-0,3991442;
0,016;7,859606;-2,47113;-0,3991442;-0,3596063;
0,016;7,819976;-2,476884;-0,3596063;-0,3199763;
0,016;7,780264;-2,482004;-0,3199763;-0,2802644;
0,016;7,74048;-2,486488;-0,2802644;-0,2404804;
0,016;7,700635;-2,490335;-0,2404804;-0,200635;
0,016;7,660738;-2,493546;-0,200635;-0,160738;
0,016;7,6208;-2,496117;-0,160738;-0,1208;
0,016;7,580831;-2,49805;-0,1208;-0,08083105;
0,016;7,540842;-2,499343;-0,08083105;-0,04084158;
0,016;7,500842;-2,499997;-0,04084158;-0,0008416176;
0,016;7,460842;-2,50001;-0,0008416176;0,03915834;
0,016;7,420852;-2,499384;0,03915834;0,07914829;
0,016;7,380882;-2,498117;0,07914829;0,1191182;
0,016;7,340942;-2,496211;0,1191182;0,1590576;
0,016;7,301044;-2,493666;0,1590576;0,1989565;
0,016;7,261196;-2,490483;0,1989565;0,2388043;
0,016;7,221409;-2,486662;0,2388043;0,2785912;
0,016;7,181694;-2,482205;0,2785912;0,3183064;
0,016;7,14206;-2,477112;0,3183064;0,3579402;
0,016;7,102518;-2,471385;0,3579402;0,3974824;
0,016;7,063077;-2,465025;0,3974824;0,436923;
0,016;7,023748;-2,458034;0,436923;0,4762516;
0,016;6,984542;-2,450414;0,4762516;0,5154581;
0,016;6,945467;-2,442167;0,5154581;0,554533;
0,016;6,906534;-2,433294;0,554533;0,5934658;
0,016;6,867754;-2,423799;0,5934658;0,6322465;
0,016;6,829134;-2,413683;0,6322465;0,6708655;
0,016;6,790687;-2,402949;0,6708655;0,7093129;
0,016;6,752421;-2,3916;0,7093129;0,7475786;
0,016;6,714347;-2,379639;0,7475786;0,7856526;
0,016;6,676474;-2,367069;0,7856526;0,8235259;
0,016;6,638812;-2,353892;0,8235259;0,8611884;
0,016;6,60137;-2,340113;0,8611884;0,8986301;
0,016;6,564158;-2,325735;0,8986301;0,935842;
0,016;6,527186;-2,310762;0,935842;0,9728141;
0,016;6,490463;-2,295197;0,9728141;1,009537;
0,016;6,453998;-2,279044;1,009537;1,046002;
0,016;6,417801;-2,262308;1,046002;1,082199;
0,016;6,381882;-2,244993;1,082199;1,118118;
0,016;6,346248;-2,227103;1,118118;1,153752;
0,016;6,31091;-2,208643;1,153752;1,18909;
0,016;6,275876;-2,189618;1,18909;1,224124;
0,016;6,241156;-2,170032;1,224124;1,258844;
0,016;6,206758;-2,14989;1,258844;1,293242;
0,016;6,17269;-2,129198;1,293242;1,32731;
0,016;6,138963;-2,107961;1,32731;1,361037;
0,016;6,105584;-2,086185;1,361037;1,394416;
0,016;6,072562;-2,063874;1,394416;1,427438;
0,016;6,039906;-2,041035;1,427438;1,460094;
0,016;6,007623;-2,017673;1,460094;1,492377;
0,016;5,975722;-1,993795;1,492377;1,524278;
0,016;5,944211;-1,969407;1,524278;1,555789;
0,016;5,913099;-1,944514;1,555789;1,586901;
0,016;5,882393;-1,919124;1,586901;1,617607;
0,016;5,852101;-1,893242;1,617607;1,647899;
0,016;5,822231;-1,866876;1,647899;1,677769;
0,016;5,792791;-1,840032;1,677769;1,707209;
0,016;5,763787;-1,812716;1,707209;1,736213;
0,016;5,735228;-1,784937;1,736213;1,764772;
0,016;5,707121;-1,7567;1,764772;1,792879;
0,016;5,679472;-1,728014;1,792879;1,820528;
0,016;5,65229;-1,698886;1,820528;1,84771;
0,016;5,625581;-1,669322;1,84771;1,874419;
0,016;5,599352;-1,639332;1,874419;1,900648;
0,016;5,573609;-1,608921;1,900648;1,926391;
0,016;5,54836;-1,578099;1,926391;1,95164;
0,016;5,52361;-1,546873;1,95164;1,97639;
0,016;5,499366;-1,515251;1,97639;2,000634;
0,016;5,475635;-1,48324;2,000634;2,024365;
0,016;5,452421;-1,45085;2,024365;2,047579;
0,016;5,429732;-1,418089;2,047579;2,070268;
0,016;5,407572;-1,384965;2,070268;2,092428;
0,016;5,385949;-1,351486;2,092428;2,114051;
0,016;5,364866;-1,317661;2,114051;2,135134;
0,016;5,34433;-1,283499;2,135134;2,15567;
0,016;5,324346;-1,249008;2,15567;2,175654;
0,016;5,304919;-1,214198;2,175654;2,195081;
0,016;5,286054;-1,179077;2,195081;2,213946;
0,016;5,267755;-1,143654;2,213946;2,232245;
0,016;5,250028;-1,107938;2,232245;2,249972;
0,016;5,232877;-1,071938;2,249972;2,267123;
0,016;5,216307;-1,035664;2,267123;2,283693;
0,016;5,200321;-0,999125;2,283693;2,299679;
0,016;5,184924;-0,9623301;2,299679;2,315076;
0,016;5,170119;-0,9252889;2,315076;2,329881;
0,016;5,15591;-0,8880107;2,329881;2,34409;
0,016;5,142303;-0,8505053;2,34409;2,357697;
0,016;5,129298;-0,8127821;2,357697;2,370702;
0,016;5,1169;-0,7748509;2,370702;2,3831;
0,016;5,105113;-0,7367213;2,3831;2,394887;
0,016;5,093938;-0,6984031;2,394887;2,406062;
0,016;5,08338;-0,6599061;2,406062;2,41662;
0,016;5,07344;-0,6212402;2,41662;2,42656;
0,016;5,064121;-0,5824152;2,42656;2,435879;
0,016;5,055426;-0,5434412;2,435879;2,444574;
0,016;5,047357;-0,504328;2,444574;2,452643;
0,016;5,039916;-0,4650857;2,452643;2,460084;
0,016;5,033104;-0,4257244;2,460084;2,466896;
0,016;5,026924;-0,386254;2,466896;2,473076;
0,016;5,021377;-0,3466848;2,473076;2,478623;
0,016;5,016464;-0,3070268;2,478623;2,483536;
0,016;5,012187;-0,2672902;2,483536;2,487813;
0,016;5,008548;-0,2274852;2,487813;2,491452;
0,016;5,005546;-0,187622;2,491452;2,494454;
0,016;5,003182;-0,1477107;2,494454;2,496818;
0,016;5,001458;-0,1077617;2,496818;2,498542;
0,016;5,000374;-0,06778499;2,498542;2,499626;
0,016;4,999929;-0,02779097;2,499626;2,500071;
0,016;5,000124;0,01221017;2,500071;2,499876;
0,016;5,00096;0,05220818;2,499876;2,49904;
0,016;5,002435;0,09219283;2,49904;2,497565;
0,016;5,004549;0,1321539;2,497565;2,495451;
0,016;5,007302;0,1720811;2,495451;2,492698;
0,016;5,010694;0,2119642;2,492698;2,489306;
0,016;5,014722;0,2517931;2,489306;2,485278;
0,016;5,019387;0,2915576;2,485278;2,480613;
0,016;5,024687;0,3312474;2,480613;2,475313;
0,016;5,030621;0,3708524;2,475313;2,469379;
0,016;5,037187;0,4103625;2,469379;2,462813;
0,016;5,044383;0,4497675;2,462813;2,455617;
0,016;5,052208;0,4890574;2,455617;2,447792;
0,016;5,060659;0,528222;2,447792;2,439341;
0,016;5,069736;0,5672515;2,439341;2,430264;
0,016;5,079434;0,6061357;2,430264;2,420566;
0,016;5,089752;0,6448648;2,420566;2,410248;
0,016;5,100687;0,6834288;2,410248;2,399313;
0,016;5,112236;0,7218178;2,399313;2,387764;
0,016;5,124396;0,760022;2,387764;2,375604;
0,016;5,137165;0,7980317;2,375604;2,362835;
0,016;5,150538;0,8358371;2,362835;2,349462;
0,016;5,164513;0,8734285;2,349462;2,335487;
0,016;5,179085;0,9107963;2,335487;2,320915;
0,016;5,194252;0,9479309;2,320915;2,305748;
0,016;5,210009;0,9848229;2,305748;2,289991;
0,016;5,226353;1,021463;2,289991;2,273647;
0,016;5,243278;1,057841;2,273647;2,256722;
0,016;5,260781;1,093949;2,256722;2,239219;
0,016;5,278858;1,129776;2,239219;2,221142;
0,016;5,297503;1,165315;2,221142;2,202497;
0,016;5,316711;1,200554;2,202497;2,183289;
0,016;5,336479;1,235487;2,183289;2,163521;
0,016;5,356801;1,270103;2,163521;2,143199;
0,016;5,377671;1,304395;2,143199;2,122329;
0,016;5,399085;1,338352;2,122329;2,100915;
0,016;5,421037;1,371966;2,100915;2,078963;
0,016;5,443521;1,40523;2,078963;2,056479;
0,016;5,466531;1,438134;2,056479;2,033469;
0,016;5,490061;1,470669;2,033469;2,009939;
0,016;5,514107;1,502828;2,009939;1,985893;
0,016;5,538661;1,534602;1,985893;1,961339;
0,016;5,563716;1,565984;1,961339;1,936284;
0,016;5,589268;1,596964;1,936284;1,910732;
0,016;5,615308;1,627536;1,910732;1,884692;
0,016;5,641831;1,657691;1,884692;1,858169;
0,016;5,66883;1,687422;1,858169;1,83117;
0,016;5,696298;1,716721;1,83117;1,803702;
0,016;5,724227;1,74558;1,803702;1,775773;
0,016;5,752611;1,773992;1,775773;1,747389;
0,016;5,781442;1,80195;1,747389;1,718558;
0,016;5,810713;1,829447;1,718558;1,689287;
0,016;5,840416;1,856476;1,689287;1,659584;
0,016;5,870545;1,883029;1,659584;1,629455;
0,016;5,901091;1,909101;1,629455;1,598909;
0,016;5,932045;1,934683;1,598909;1,567955;
0,016;5,963402;1,95977;1,567955;1,536598;
0,016;5,995152;1,984356;1,536598;1,504848;
0,016;6,027287;2,008434;1,504848;1,472713;
0,016;6,059799;2,031997;1,472713;1,440201;
0,016;6,09268;2,05504;1,440201;1,40732;
0,016;6,12592;2,077557;1,40732;1,37408;
0,016;6,159513;2,099543;1,37408;1,340487;
0,016;6,193449;2,120991;1,340487;1,306551;
0,016;6,227719;2,141895;1,306551;1,272281;
0,016;6,262315;2,162252;1,272281;1,237685;
0,016;6,297228;2,182055;1,237685;1,202772;
0,016;6,332449;2,201299;1,202772;1,167551;
0,016;6,367969;2,21998;1,167551;1,132031;
0,016;6,403778;2,238092;1,132031;1,096222;
0,016;6,439868;2,255632;1,096222;1,060132;
0,016;6,47623;2,272594;1,060132;1,02377;
0,016;6,512853;2,288974;1,02377;0,9871469;
0,016;6,549729;2,304769;0,9871469;0,9502707;
0,016;6,586849;2,319973;0,9502707;0,9131513;
0,016;6,624202;2,334584;0,9131513;0,8757977;
0,016;6,66178;2,348596;0,8757977;0,8382201;
0,016;6,699572;2,362008;0,8382201;0,8004279;
0,016;6,737569;2,374815;0,8004279;0,7624307;
0,016;6,775762;2,387014;0,7624307;0,7242384;
0,016;6,814139;2,398602;0,7242384;0,6858606;
0,016;6,852693;2,409575;0,6858606;0,6473074;
0,016;6,891411;2,419932;0,6473074;0,6085887;
0,016;6,930286;2,42967;0,6085887;0,5697141;
0,016;6,969306;2,438785;0,5697141;0,5306935;
0,016;7,008463;2,447276;0,5306935;0,4915371;
0,016;7,047745;2,455141;0,4915371;0,4522548;
0,016;7,087143;2,462377;0,4522548;0,4128566;
0,016;7,126647;2,468982;0,4128566;0,373353;
0,016;7,166246;2,474956;0,373353;0,3337536;
0,016;7,205931;2,480296;0,3337536;0,2940688;
0,016;7,245691;2,485001;0,2940688;0,2543087;
0,016;7,285516;2,48907;0,2543087;0,2144837;
0,016;7,325396;2,492502;0,2144837;0,1746039;
0,016;7,365321;2,495295;0,1746039;0,1346793;
0,016;7,40528;2,49745;0,1346793;0,09471989;
0,016;7,445263;2,498966;0,09471989;0,05473661;
0,016;7,485261;2,499841;0,05473661;0,01473904;
0,016;7,525262;2,500077;0,01473904;-0,02526236;
0,016;7,565257;2,499673;-0,02526236;-0,06525707;
0,016;7,605235;2,498629;-0,06525707;-0,1052351;
0,016;7,645186;2,496945;-0,1052351;-0,1451864;
0,016;7,685101;2,494622;-0,1451864;-0,1851006;
0,016;7,724967;2,491661;-0,1851006;-0,224967;
0,016;7,764776;2,488061;-0,224967;-0,2647758;
0,016;7,804517;2,483825;-0,2647758;-0,3045168;
0,016;7,84418;2,478953;-0,3045168;-0,3441801;
0,016;7,883755;2,473446;-0,3441801;-0,3837552;
0,016;7,923232;2,467306;-0,3837552;-0,4232321;
0,016;7,962601;2,460534;-0,4232321;-0,4626007;
0,016;8,001851;2,453132;-0,4626007;-0,5018511;
0,016;8,040973;2,445102;-0,5018511;-0,5409727;
0,016;8,079956;2,436447;-0,5409727;-0,5799561;
0,016;8,118791;2,427168;-0,5799561;-0,6187906;
0,016;8,157467;2,417267;-0,6187906;-0,6574669;
0,016;8,195975;2,406748;-0,6574669;-0,6959753;
0,016;8,234305;2,395612;-0,6959753;-0,7343054;
0,016;8,272448;2,383863;-0,7343054;-0,7724476;
0,016;8,310391;2,371504;-0,7724476;-0,8103914;
0,016;8,348128;2,358538;-0,8103914;-0,8481283;
0,016;8,385648;2,344968;-0,8481283;-0,8856478;
0,016;8,42294;2,330797;-0,8856478;-0,9229403;
0,016;8,459997;2,316031;-0,9229403;-0,9599972;
0,016;8,496808;2,300671;-0,9599972;-0,9968081;
0,016;8,533363;2,284722;-0,9968081;-1,033363;
0,016;8,569654;2,268188;-1,033363;-1,069654;
0,016;8,605672;2,251073;-1,069654;-1,105672;
0,016;8,641406;2,233383;-1,105672;-1,141406;
0,016;8,676848;2,21512;-1,141406;-1,176848;
0,016;8,711989;2,196291;-1,176848;-1,211989;
0,016;8,746819;2,176899;-1,211989;-1,246819;
0,016;8,781331;2,15695;-1,246819;-1,281331;
0,016;8,815515;2,136448;-1,281331;-1,315515;</StdOut>
        <ErrorInfo>
          <Message>Assert.IsTrue failed. </Message>
          <StackTrace>   in Paul.PhysicsSimulator.UnitTest.ForceGeneratorsTest.Test_ParticleSpring_Update() in C:\Personale\Mine\C#\Xna\Gaming\3d\SimulazioneFisica\Paul.PhysicsSimulator.Game\Paul.PhysicsSimulator.UnitTest\ForceGeneratorsTest.cs:riga 65
</StackTrace>
        </ErrorInfo>
      </Output>
    </UnitTestResult>
  </Results>
</TestRun>