<?xml version="1.0" encoding="UTF-8"?>
<TestRun id="2b380a2a-12ea-446a-af47-36aeb7795994" name="Paolo@PC-PAOLO 2015-01-31 11:57:46" runUser="Pc-Paolo\Paolo" xmlns="http://microsoft.com/schemas/VisualStudio/TeamTest/2010">
  <TestSettings name="Local" id="896913ae-bd1c-4f3f-84d8-788ed216ec52">
    <Description>These are default test settings for a local test run.</Description>
    <Deployment enabled="false" runDeploymentRoot="Paolo_PC-PAOLO 2015-01-31 11_57_46">
      <DeploymentItem filename="C:\Paul.PhysicsSimulator.Game\src\packages\DocumentFormat.OpenXml.2.5\lib\DocumentFormat.OpenXml.dll" />
      <DeploymentItem filename="C:\Program Files (x86)\Microsoft XNA\XNA Game Studio\v4.0\References\Windows\x86\Microsoft.Xna.Framework.dll" />
      <DeploymentItem filename="C:\Program Files (x86)\Microsoft XNA\XNA Game Studio\v4.0\References\Windows\x86\Microsoft.Xna.Framework.Game.dll" />
      <DeploymentItem filename="C:\Paul.PhysicsSimulator.Game\src\Paul.PhysicsSimulator.Engine\bin\Debug\Paul.PhysicsSimulator.Engine.dll" />
    </Deployment>
    <Execution>
      <TestTypeSpecific />
      <AgentRule name="Execution Agents">
      </AgentRule>
    </Execution>
  </TestSettings>
  <Times creation="2015-01-31T11:57:46.8287616+01:00" queuing="2015-01-31T11:57:49.5860596+01:00" start="2015-01-31T11:57:49.8521173+01:00" finish="2015-01-31T11:57:52.8373434+01:00" />
  <ResultSummary outcome="Failed">
    <Counters total="4" executed="4" passed="3" error="0" failed="1" timeout="0" aborted="0" inconclusive="0" passedButRunAborted="0" notRunnable="0" notExecuted="0" disconnected="0" warning="0" completed="0" inProgress="0" pending="0" />
  </ResultSummary>
  <TestDefinitions>
    <UnitTest name="Cube_GetPointInWorldSpace_NotCentered_OK" storage="c:\paul.physicssimulator.game\src\paul.physicssimulator.unittest\bin\debug\paul.physicssimulator.unittest.dll" id="8cc7f1ee-f569-35ba-e8ec-cd77e60b5e74">
      <Execution id="395c8c32-6ab7-445b-8c1c-d1ba67ab00f7" />
      <TestMethod codeBase="C:/Paul.PhysicsSimulator.Game/src/Paul.PhysicsSimulator.UnitTest/bin/Debug/Paul.PhysicsSimulator.UnitTest.DLL" adapterTypeName="Microsoft.VisualStudio.TestTools.TestTypes.Unit.UnitTestAdapter, Microsoft.VisualStudio.QualityTools.Tips.UnitTest.Adapter, Version=10.0.0.0, Culture=neutral, PublicKeyToken=b03f5f7f11d50a3a" className="Paul.PhysicsSimulator.UnitTest.RigidBodyTest, Paul.PhysicsSimulator.UnitTest, Version=1.0.0.0, Culture=neutral, PublicKeyToken=null" name="Cube_GetPointInWorldSpace_NotCentered_OK" />
    </UnitTest>
    <UnitTest name="Test_ParticleSpring_Update" storage="c:\paul.physicssimulator.game\src\paul.physicssimulator.unittest\bin\debug\paul.physicssimulator.unittest.dll" id="05bb5865-1c96-b3c0-ee87-5b9a292904ad">
      <Execution id="ef317671-570b-473a-a24b-23aeeb8c54c2" />
      <TestMethod codeBase="C:/Paul.PhysicsSimulator.Game/src/Paul.PhysicsSimulator.UnitTest/bin/Debug/Paul.PhysicsSimulator.UnitTest.DLL" adapterTypeName="Microsoft.VisualStudio.TestTools.TestTypes.Unit.UnitTestAdapter, Microsoft.VisualStudio.QualityTools.Tips.UnitTest.Adapter, Version=10.0.0.0, Culture=neutral, PublicKeyToken=b03f5f7f11d50a3a" className="Paul.PhysicsSimulator.UnitTest.ForceGeneratorsTest, Paul.PhysicsSimulator.UnitTest, Version=1.0.0.0, Culture=neutral, PublicKeyToken=null" name="Test_ParticleSpring_Update" />
    </UnitTest>
    <UnitTest name="Cube_GetPointInWorldSpace_Centered_OK" storage="c:\paul.physicssimulator.game\src\paul.physicssimulator.unittest\bin\debug\paul.physicssimulator.unittest.dll" id="fcb1799a-c1d1-e725-c551-fc515d4b6f61">
      <Execution id="dcf1763e-9742-4a6e-a32f-cc2f01e5d707" />
      <TestMethod codeBase="C:/Paul.PhysicsSimulator.Game/src/Paul.PhysicsSimulator.UnitTest/bin/Debug/Paul.PhysicsSimulator.UnitTest.DLL" adapterTypeName="Microsoft.VisualStudio.TestTools.TestTypes.Unit.UnitTestAdapter, Microsoft.VisualStudio.QualityTools.Tips.UnitTest.Adapter, Version=10.0.0.0, Culture=neutral, PublicKeyToken=b03f5f7f11d50a3a" className="Paul.PhysicsSimulator.UnitTest.RigidBodyTest, Paul.PhysicsSimulator.UnitTest, Version=1.0.0.0, Culture=neutral, PublicKeyToken=null" name="Cube_GetPointInWorldSpace_Centered_OK" />
    </UnitTest>
    <UnitTest name="Test_NearEquals" storage="c:\paul.physicssimulator.game\src\paul.physicssimulator.unittest\bin\debug\paul.physicssimulator.unittest.dll" id="87f064a2-6fc4-d3ce-e422-50dba06e1e3d">
      <Execution id="e7540a0d-a0df-4fc8-aa9e-3cb490594897" />
      <TestMethod codeBase="C:/Paul.PhysicsSimulator.Game/src/Paul.PhysicsSimulator.UnitTest/bin/Debug/Paul.PhysicsSimulator.UnitTest.DLL" adapterTypeName="Microsoft.VisualStudio.TestTools.TestTypes.Unit.UnitTestAdapter, Microsoft.VisualStudio.QualityTools.Tips.UnitTest.Adapter, Version=10.0.0.0, Culture=neutral, PublicKeyToken=b03f5f7f11d50a3a" className="Paul.PhysicsSimulator.UnitTest.ForceGeneratorsTest, Paul.PhysicsSimulator.UnitTest, Version=1.0.0.0, Culture=neutral, PublicKeyToken=null" name="Test_NearEquals" />
    </UnitTest>
  </TestDefinitions>
  <TestLists>
    <TestList name="Results Not in a List" id="8c84fa94-04c1-424b-9868-57a2d4851a1d" />
    <TestList name="All Loaded Results" id="19431567-8539-422a-85d7-44ee4e166bda" />
  </TestLists>
  <TestEntries>
    <TestEntry testId="05bb5865-1c96-b3c0-ee87-5b9a292904ad" executionId="ef317671-570b-473a-a24b-23aeeb8c54c2" testListId="8c84fa94-04c1-424b-9868-57a2d4851a1d" />
    <TestEntry testId="87f064a2-6fc4-d3ce-e422-50dba06e1e3d" executionId="e7540a0d-a0df-4fc8-aa9e-3cb490594897" testListId="8c84fa94-04c1-424b-9868-57a2d4851a1d" />
    <TestEntry testId="8cc7f1ee-f569-35ba-e8ec-cd77e60b5e74" executionId="395c8c32-6ab7-445b-8c1c-d1ba67ab00f7" testListId="8c84fa94-04c1-424b-9868-57a2d4851a1d" />
    <TestEntry testId="fcb1799a-c1d1-e725-c551-fc515d4b6f61" executionId="dcf1763e-9742-4a6e-a32f-cc2f01e5d707" testListId="8c84fa94-04c1-424b-9868-57a2d4851a1d" />
  </TestEntries>
  <Results>
    <UnitTestResult executionId="ef317671-570b-473a-a24b-23aeeb8c54c2" testId="05bb5865-1c96-b3c0-ee87-5b9a292904ad" testName="Test_ParticleSpring_Update" computerName="PC-PAOLO" duration="00:00:02.2322886" startTime="2015-01-31T11:57:49.9071555+01:00" endTime="2015-01-31T11:57:52.7191637+01:00" testType="13cdc9d9-ddb5-4fa4-a97d-d965ccfc6d4b" outcome="Failed" testListId="8c84fa94-04c1-424b-9868-57a2d4851a1d" relativeResultsDirectory="ef317671-570b-473a-a24b-23aeeb8c54c2">
      <Output>
        <ErrorInfo>
          <Message>Test method Paul.PhysicsSimulator.UnitTest.ForceGeneratorsTest.Test_ParticleSpring_Update threw exception: 
System.Data.OleDb.OleDbException: "C:\Paul.PhysicsSimulator.Game\Paul.PhysicsSimulator.UnitTest\ExpectedData\Spring simulation.xlsx" non è un percorso valido. Assicurarsi che il nome del percorso sia corretto e di essere collegati al server in cui si trova il file.</Message>
          <StackTrace>    in System.Data.OleDb.OleDbConnectionInternal..ctor(OleDbConnectionString constr, OleDbConnection connection)
   in System.Data.OleDb.OleDbConnectionFactory.CreateConnection(DbConnectionOptions options, DbConnectionPoolKey poolKey, Object poolGroupProviderInfo, DbConnectionPool pool, DbConnection owningObject)
   in System.Data.ProviderBase.DbConnectionFactory.CreateConnection(DbConnectionOptions options, DbConnectionPoolKey poolKey, Object poolGroupProviderInfo, DbConnectionPool pool, DbConnection owningConnection, DbConnectionOptions userOptions)
   in System.Data.ProviderBase.DbConnectionFactory.CreateNonPooledConnection(DbConnection owningConnection, DbConnectionPoolGroup poolGroup, DbConnectionOptions userOptions)
   in System.Data.ProviderBase.DbConnectionFactory.TryGetConnection(DbConnection owningConnection, TaskCompletionSource`1 retry, DbConnectionOptions userOptions, DbConnectionInternal oldConnection, DbConnectionInternal&amp; connection)
   in System.Data.ProviderBase.DbConnectionInternal.TryOpenConnectionInternal(DbConnection outerConnection, DbConnectionFactory connectionFactory, TaskCompletionSource`1 retry, DbConnectionOptions userOptions)
   in System.Data.ProviderBase.DbConnectionClosed.TryOpenConnection(DbConnection outerConnection, DbConnectionFactory connectionFactory, TaskCompletionSource`1 retry, DbConnectionOptions userOptions)
   in System.Data.ProviderBase.DbConnectionInternal.OpenConnection(DbConnection outerConnection, DbConnectionFactory connectionFactory)
   in System.Data.OleDb.OleDbConnection.Open()
   in Paul.PhysicsSimulator.UnitTest.Utilities.ExcelUtility.ReadExcelFile(String filePath) in C:\Paul.PhysicsSimulator.Game\src\Paul.PhysicsSimulator.UnitTest\Utilities\ExcelUtility.cs:riga 167
   in Paul.PhysicsSimulator.UnitTest.ExpectedData.get_ParticleSpring_Data() in C:\Paul.PhysicsSimulator.Game\src\Paul.PhysicsSimulator.UnitTest\ExpectedData.cs:riga 24
   in Paul.PhysicsSimulator.UnitTest.ForceGeneratorsTest.Test_ParticleSpring_Update() in C:\Paul.PhysicsSimulator.Game\src\Paul.PhysicsSimulator.UnitTest\ForceGeneratorsTest.cs:riga 47
</StackTrace>
        </ErrorInfo>
      </Output>
    </UnitTestResult>
    <UnitTestResult executionId="e7540a0d-a0df-4fc8-aa9e-3cb490594897" testId="87f064a2-6fc4-d3ce-e422-50dba06e1e3d" testName="Test_NearEquals" computerName="PC-PAOLO" duration="00:00:00.0006115" startTime="2015-01-31T11:57:52.7211740+01:00" endTime="2015-01-31T11:57:52.7261773+01:00" testType="13cdc9d9-ddb5-4fa4-a97d-d965ccfc6d4b" outcome="Passed" testListId="8c84fa94-04c1-424b-9868-57a2d4851a1d" relativeResultsDirectory="e7540a0d-a0df-4fc8-aa9e-3cb490594897">
    </UnitTestResult>
    <UnitTestResult executionId="395c8c32-6ab7-445b-8c1c-d1ba67ab00f7" testId="8cc7f1ee-f569-35ba-e8ec-cd77e60b5e74" testName="Cube_GetPointInWorldSpace_NotCentered_OK" computerName="PC-PAOLO" duration="00:00:00.0079642" startTime="2015-01-31T11:57:52.7281782+01:00" endTime="2015-01-31T11:57:52.7401811+01:00" testType="13cdc9d9-ddb5-4fa4-a97d-d965ccfc6d4b" outcome="Passed" testListId="8c84fa94-04c1-424b-9868-57a2d4851a1d" relativeResultsDirectory="395c8c32-6ab7-445b-8c1c-d1ba67ab00f7">
    </UnitTestResult>
    <UnitTestResult executionId="dcf1763e-9742-4a6e-a32f-cc2f01e5d707" testId="fcb1799a-c1d1-e725-c551-fc515d4b6f61" testName="Cube_GetPointInWorldSpace_Centered_OK" computerName="PC-PAOLO" duration="00:00:00.0004413" startTime="2015-01-31T11:57:52.7411869+01:00" endTime="2015-01-31T11:57:52.7451895+01:00" testType="13cdc9d9-ddb5-4fa4-a97d-d965ccfc6d4b" outcome="Passed" testListId="8c84fa94-04c1-424b-9868-57a2d4851a1d" relativeResultsDirectory="dcf1763e-9742-4a6e-a32f-cc2f01e5d707">
    </UnitTestResult>
  </Results>
</TestRun>