<?xml version="1.0" encoding="UTF-8"?>
<TestRun id="773451e4-138c-47db-8ae0-abc7ad79b7d1" name="Paolo@PC-PAOLO 2015-01-31 12:07:37" runUser="Pc-Paolo\Paolo" xmlns="http://microsoft.com/schemas/VisualStudio/TeamTest/2010">
  <TestSettings name="Local" id="896913ae-bd1c-4f3f-84d8-788ed216ec52">
    <Description>These are default test settings for a local test run.</Description>
    <Deployment userDeploymentRoot="C:\Paul.PhysicsSimulator.Game\src\TestResults" useDefaultDeploymentRoot="false" enabled="false" runDeploymentRoot="Paolo_PC-PAOLO 2015-01-31 12_07_37">
      <DeploymentItem filename="C:\Paul.PhysicsSimulator.Game\src\packages\DocumentFormat.OpenXml.2.5\lib\DocumentFormat.OpenXml.dll" />
      <DeploymentItem filename="C:\Program Files (x86)\Microsoft XNA\XNA Game Studio\v4.0\References\Windows\x86\Microsoft.Xna.Framework.dll" />
      <DeploymentItem filename="C:\Program Files (x86)\Microsoft XNA\XNA Game Studio\v4.0\References\Windows\x86\Microsoft.Xna.Framework.Game.dll" />
      <DeploymentItem filename="C:\Paul.PhysicsSimulator.Game\src\Paul.PhysicsSimulator.Engine\bin\Debug\Paul.PhysicsSimulator.Engine.dll" />
    </Deployment>
    <Execution>
      <TestTypeSpecific />
      <AgentRule name="Execution Agents">
      </AgentRule>
    </Execution>
  </TestSettings>
  <Times creation="2015-01-31T12:07:37.2941280+01:00" queuing="2015-01-31T12:07:40.4612234+01:00" start="2015-01-31T12:07:41.3147904+01:00" finish="2015-01-31T12:08:28.2428012+01:00" />
  <ResultSummary outcome="Error">
    <Counters total="1" executed="1" error="0" failed="0" timeout="0" aborted="1" inconclusive="0" passedButRunAborted="0" notRunnable="0" notExecuted="0" disconnected="0" warning="0" passed="0" completed="0" inProgress="0" pending="0" />
    <RunInfos>
      <RunInfo computerName="PC-PAOLO" outcome="Error" timestamp="2015-01-31T12:08:28.2407994+01:00">
        <Text>Test host process exited unexpectedly.</Text>
      </RunInfo>
    </RunInfos>
  </ResultSummary>
  <TestDefinitions>
    <UnitTest name="Test_ParticleSpring_Update" storage="c:\paul.physicssimulator.game\src\paul.physicssimulator.unittest\bin\debug\paul.physicssimulator.unittest.dll" id="05bb5865-1c96-b3c0-ee87-5b9a292904ad">
      <Execution id="85dcecb2-56e3-4fb6-8a05-5fb98bbe98a9" />
      <TestMethod codeBase="C:/Paul.PhysicsSimulator.Game/src/Paul.PhysicsSimulator.UnitTest/bin/Debug/Paul.PhysicsSimulator.UnitTest.DLL" adapterTypeName="Microsoft.VisualStudio.TestTools.TestTypes.Unit.UnitTestAdapter, Microsoft.VisualStudio.QualityTools.Tips.UnitTest.Adapter, Version=10.0.0.0, Culture=neutral, PublicKeyToken=b03f5f7f11d50a3a" className="Paul.PhysicsSimulator.UnitTest.ForceGeneratorsTest, Paul.PhysicsSimulator.UnitTest, Version=1.0.0.0, Culture=neutral, PublicKeyToken=null" name="Test_ParticleSpring_Update" />
    </UnitTest>
  </TestDefinitions>
  <TestLists>
    <TestList name="Results Not in a List" id="8c84fa94-04c1-424b-9868-57a2d4851a1d" />
    <TestList name="All Loaded Results" id="19431567-8539-422a-85d7-44ee4e166bda" />
  </TestLists>
  <TestEntries>
    <TestEntry testId="05bb5865-1c96-b3c0-ee87-5b9a292904ad" executionId="85dcecb2-56e3-4fb6-8a05-5fb98bbe98a9" testListId="8c84fa94-04c1-424b-9868-57a2d4851a1d" />
  </TestEntries>
  <Results>
    <UnitTestResult executionId="85dcecb2-56e3-4fb6-8a05-5fb98bbe98a9" testId="05bb5865-1c96-b3c0-ee87-5b9a292904ad" testName="Test_ParticleSpring_Update" computerName="PC-PAOLO" duration="00:00:45.9933811" startTime="2015-01-31T12:07:42.2494201+01:00" endTime="2015-01-31T12:08:28.2428012+01:00" testType="13cdc9d9-ddb5-4fa4-a97d-d965ccfc6d4b" outcome="Aborted" testListId="8c84fa94-04c1-424b-9868-57a2d4851a1d" relativeResultsDirectory="85dcecb2-56e3-4fb6-8a05-5fb98bbe98a9">
    </UnitTestResult>
  </Results>
</TestRun>