<?xml version="1.0" encoding="UTF-8"?>
<TestRun id="bfa18f20-5682-4cc8-a86b-fba0cbe37778" name="Paolo@PC-PAOLO 2015-01-17 18:48:21" runUser="Pc-Paolo\Paolo" xmlns="http://microsoft.com/schemas/VisualStudio/TeamTest/2010">
  <TestSettings name="Local" id="896913ae-bd1c-4f3f-84d8-788ed216ec52">
    <Description>These are default test settings for a local test run.</Description>
    <Deployment enabled="false" runDeploymentRoot="Paolo_PC-PAOLO 2015-01-17 18_48_21">
      <DeploymentItem filename="C:\Personale\Mine\C#\Xna\Gaming\3d\SimulazioneFisica\Paul.PhysicsSimulator.Game\Paul.PhysicsSimulator.Engine\bin\Debug\Paul.PhysicsSimulator.Engine.dll" />
      <DeploymentItem filename="C:\Program Files (x86)\Microsoft XNA\XNA Game Studio\v4.0\References\Windows\x86\Microsoft.Xna.Framework.dll" />
      <DeploymentItem filename="C:\Program Files (x86)\Microsoft XNA\XNA Game Studio\v4.0\References\Windows\x86\Microsoft.Xna.Framework.Game.dll" />
      <DeploymentItem filename="C:\Personale\Mine\C#\Xna\Gaming\3d\SimulazioneFisica\Paul.PhysicsSimulator.Game\packages\DocumentFormat.OpenXml.2.5\lib\DocumentFormat.OpenXml.dll" />
    </Deployment>
    <Execution>
      <TestTypeSpecific />
      <AgentRule name="Execution Agents">
      </AgentRule>
    </Execution>
  </TestSettings>
  <Times creation="2015-01-17T18:48:21.6963039+01:00" queuing="2015-01-17T18:48:25.0733805+01:00" start="2015-01-17T18:48:26.0080243+01:00" finish="2015-01-17T18:49:21.8536940+01:00" />
  <ResultSummary outcome="Error">
    <Counters total="1" executed="1" error="0" failed="0" timeout="0" aborted="1" inconclusive="0" passedButRunAborted="0" notRunnable="0" notExecuted="0" disconnected="0" warning="0" passed="0" completed="0" inProgress="0" pending="0" />
    <RunInfos>
      <RunInfo computerName="PC-PAOLO" outcome="Error" timestamp="2015-01-17T18:49:21.8526933+01:00">
        <Text>Test host process exited unexpectedly.</Text>
      </RunInfo>
    </RunInfos>
  </ResultSummary>
  <TestDefinitions>
    <UnitTest name="Cube_GetPointInWorldSpace_OK" storage="c:\personale\mine\c#\xna\gaming\3d\simulazionefisica\paul.physicssimulator.game\paul.physicssimulator.unittest\bin\debug\paul.physicssimulator.unittest.dll" id="3c0aa066-f625-8141-80e4-2a482b6439f6">
      <Execution id="8847b4f0-107c-4d0a-96b9-b7be11672d54" />
      <TestMethod codeBase="C:/Personale/Mine/C#/Xna/Gaming/3d/SimulazioneFisica/Paul.PhysicsSimulator.Game/Paul.PhysicsSimulator.UnitTest/bin/Debug/Paul.PhysicsSimulator.UnitTest.DLL" adapterTypeName="Microsoft.VisualStudio.TestTools.TestTypes.Unit.UnitTestAdapter, Microsoft.VisualStudio.QualityTools.Tips.UnitTest.Adapter, Version=10.0.0.0, Culture=neutral, PublicKeyToken=b03f5f7f11d50a3a" className="Paul.PhysicsSimulator.UnitTest.RigidBodyTest, Paul.PhysicsSimulator.UnitTest, Version=1.0.0.0, Culture=neutral, PublicKeyToken=null" name="Cube_GetPointInWorldSpace_OK" />
    </UnitTest>
  </TestDefinitions>
  <TestLists>
    <TestList name="Results Not in a List" id="8c84fa94-04c1-424b-9868-57a2d4851a1d" />
    <TestList name="All Loaded Results" id="19431567-8539-422a-85d7-44ee4e166bda" />
  </TestLists>
  <TestEntries>
    <TestEntry testId="3c0aa066-f625-8141-80e4-2a482b6439f6" executionId="8847b4f0-107c-4d0a-96b9-b7be11672d54" testListId="8c84fa94-04c1-424b-9868-57a2d4851a1d" />
  </TestEntries>
  <Results>
    <UnitTestResult executionId="8847b4f0-107c-4d0a-96b9-b7be11672d54" testId="3c0aa066-f625-8141-80e4-2a482b6439f6" testName="Cube_GetPointInWorldSpace_OK" computerName="PC-PAOLO" duration="00:00:55.0054806" startTime="2015-01-17T18:48:26.8482134+01:00" endTime="2015-01-17T18:49:21.8536940+01:00" testType="13cdc9d9-ddb5-4fa4-a97d-d965ccfc6d4b" outcome="Aborted" testListId="8c84fa94-04c1-424b-9868-57a2d4851a1d" relativeResultsDirectory="8847b4f0-107c-4d0a-96b9-b7be11672d54">
    </UnitTestResult>
  </Results>
</TestRun>