<?xml version="1.0" encoding="UTF-8"?>
<TestRun id="7e63d289-8976-4258-bec5-4a7cbea718d7" name="Paolo@PC-PAOLO 2014-10-22 17:20:05" runUser="Pc-Paolo\Paolo" xmlns="http://microsoft.com/schemas/VisualStudio/TeamTest/2010">
  <TestSettings name="Local" id="896913ae-bd1c-4f3f-84d8-788ed216ec52">
    <Description>These are default test settings for a local test run.</Description>
    <Deployment enabled="false" runDeploymentRoot="Paolo_PC-PAOLO 2014-10-22 17_20_05">
      <DeploymentItem filename="C:\Program Files (x86)\Microsoft XNA\XNA Game Studio\v4.0\References\Windows\x86\Microsoft.Xna.Framework.dll" />
      <DeploymentItem filename="C:\Personale\Mine\C#\Xna\Gaming\3d\SimulazioneFisica\Paul.PhysicsSimulator.Game\Paul.PhysicsSimulator.Engine\bin\Debug\Paul.PhysicsSimulator.Engine.dll" />
      <DeploymentItem filename="C:\Personale\Mine\C#\Xna\Gaming\3d\SimulazioneFisica\Paul.PhysicsSimulator.Game\packages\DocumentFormat.OpenXml.2.5\lib\DocumentFormat.OpenXml.dll" />
    </Deployment>
    <Execution>
      <TestTypeSpecific />
      <AgentRule name="Execution Agents">
      </AgentRule>
    </Execution>
  </TestSettings>
  <Times creation="2014-10-22T17:20:05.7650245+02:00" queuing="2014-10-22T17:20:05.8440179+02:00" start="2014-10-22T17:20:05.8510208+02:00" finish="2014-10-22T17:20:06.7138581+02:00" />
  <ResultSummary outcome="Completed">
    <Counters total="1" executed="1" passed="1" error="0" failed="0" timeout="0" aborted="0" inconclusive="0" passedButRunAborted="0" notRunnable="0" notExecuted="0" disconnected="0" warning="0" completed="0" inProgress="0" pending="0" />
  </ResultSummary>
  <TestDefinitions>
    <UnitTest name="Test_ParticleSpring_Update" storage="c:\personale\mine\c#\xna\gaming\3d\simulazionefisica\paul.physicssimulator.game\paul.physicssimulator.unittest\bin\debug\paul.physicssimulator.unittest.dll" id="05bb5865-1c96-b3c0-ee87-5b9a292904ad">
      <Execution id="9f9762b9-3e5e-489c-bcdc-719755f0e461" />
      <TestMethod codeBase="C:/Personale/Mine/C#/Xna/Gaming/3d/SimulazioneFisica/Paul.PhysicsSimulator.Game/Paul.PhysicsSimulator.UnitTest/bin/Debug/Paul.PhysicsSimulator.UnitTest.DLL" adapterTypeName="Microsoft.VisualStudio.TestTools.TestTypes.Unit.UnitTestAdapter, Microsoft.VisualStudio.QualityTools.Tips.UnitTest.Adapter, Version=10.0.0.0, Culture=neutral, PublicKeyToken=b03f5f7f11d50a3a" className="Paul.PhysicsSimulator.UnitTest.ForceGeneratorsTest, Paul.PhysicsSimulator.UnitTest, Version=1.0.0.0, Culture=neutral, PublicKeyToken=null" name="Test_ParticleSpring_Update" />
    </UnitTest>
  </TestDefinitions>
  <TestLists>
    <TestList name="Results Not in a List" id="8c84fa94-04c1-424b-9868-57a2d4851a1d" />
    <TestList name="All Loaded Results" id="19431567-8539-422a-85d7-44ee4e166bda" />
  </TestLists>
  <TestEntries>
    <TestEntry testId="05bb5865-1c96-b3c0-ee87-5b9a292904ad" executionId="9f9762b9-3e5e-489c-bcdc-719755f0e461" testListId="8c84fa94-04c1-424b-9868-57a2d4851a1d" />
  </TestEntries>
  <Results>
    <UnitTestResult executionId="9f9762b9-3e5e-489c-bcdc-719755f0e461" testId="05bb5865-1c96-b3c0-ee87-5b9a292904ad" testName="Test_ParticleSpring_Update" computerName="PC-PAOLO" duration="00:00:00.4785733" startTime="2014-10-22T17:20:05.8550205+02:00" endTime="2014-10-22T17:20:06.6948489+02:00" testType="13cdc9d9-ddb5-4fa4-a97d-d965ccfc6d4b" outcome="Passed" testListId="8c84fa94-04c1-424b-9868-57a2d4851a1d" relativeResultsDirectory="9f9762b9-3e5e-489c-bcdc-719755f0e461">
      <Output>
        <StdOut>0,016;5;0;0;2,5;
0,016;5,00064;0,04;2,5;2,49936;
0,016;5,00192;0,07998976;2,49936;2,49808;
0,016;5,003839;0,119959;2,49808;2,496161;
0,016;5,006397;0,1598976;2,496161;2,493603;
0,016;5,009594;0,1997953;2,493603;2,490406;
0,016;5,013428;0,2396418;2,490406;2,486572;
0,016;5,017899;0,2794269;2,486572;2,482101;
0,016;5,023005;0,3191406;2,482101;2,476995;
0,016;5,028746;0,3587725;2,476995;2,471254;
0,016;5,035119;0,3983125;2,471254;2,464881;
0,016;5,042122;0,4377506;2,464881;2,457878;
0,016;5,049756;0,4770767;2,457878;2,450244;
0,016;5,058016;0,5162806;2,450244;2,441984;
0,016;5,066902;0,5553523;2,441984;2,433098;
0,016;5,076411;0,5942819;2,433098;2,423589;
0,016;5,08654;0,6330593;2,423589;2,41346;
0,016;5,097287;0,6716747;2,41346;2,402713;
0,016;5,108649;0,7101181;2,402713;2,391351;
0,016;5,120623;0,7483797;2,391351;2,379377;
0,016;5,133206;0,7864497;2,379377;2,366794;
0,016;5,146395;0,8243184;2,366794;2,353605;
0,016;5,160187;0,8619761;2,353605;2,339813;
0,016;5,174577;0,8994131;2,339813;2,325423;
0,016;5,189563;0,9366199;2,325423;2,310437;
0,016;5,205141;0,9735869;2,310437;2,294859;
0,016;5,221305;1,010305;2,294859;2,278695;
0,016;5,238054;1,046764;2,278695;2,261946;
0,016;5,255381;1,082955;2,261946;2,244619;
0,016;5,273283;1,118869;2,244619;2,226717;
0,016;5,291755;1,154496;2,226717;2,208245;
0,016;5,310792;1,189828;2,208245;2,189208;
0,016;5,330389;1,224856;2,189208;2,169611;
0,016;5,350543;1,259569;2,169611;2,149457;
0,016;5,371246;1,293961;2,149457;2,128754;
0,016;5,392494;1,328021;2,128754;2,107506;
0,016;5,414282;1,361741;2,107506;2,085718;
0,016;5,436604;1,395112;2,085718;2,063396;
0,016;5,459454;1,428127;2,063396;2,040546;
0,016;5,482826;1,460775;2,040546;2,017174;
0,016;5,506714;1,49305;2,017174;1,993286;
0,016;5,531114;1,524943;1,993286;1,968886;
0,016;5,556017;1,556445;1,968886;1,943983;
0,016;5,581418;1,587549;1,943983;1,918582;
0,016;5,607309;1,618246;1,918582;1,892691;
0,016;5,633686;1,648529;1,892691;1,866314;
0,016;5,66054;1,67839;1,866314;1,83946;
0,016;5,687865;1,707821;1,83946;1,812135;
0,016;5,715654;1,736816;1,812135;1,784346;
0,016;5,7439;1,765365;1,784346;1,7561;
0,016;5,772595;1,793463;1,7561;1,727405;
0,016;5,801733;1,821101;1,727405;1,698267;
0,016;5,831306;1,848274;1,698267;1,668694;
0,016;5,861305;1,874973;1,668694;1,638695;
0,016;5,891724;1,901192;1,638695;1,608276;
0,016;5,922555;1,926924;1,608276;1,577445;
0,016;5,95379;1,952163;1,577445;1,54621;
0,016;5,98542;1,976903;1,54621;1,51458;
0,016;6,017438;2,001136;1,51458;1,482562;
0,016;6,049836;2,024857;1,482562;1,450164;
0,016;6,082605;2,048059;1,450164;1,417395;
0,016;6,115736;2,070738;1,417395;1,384264;
0,016;6,149223;2,092886;1,384264;1,350777;
0,016;6,183055;2,114498;1,350777;1,316945;
0,016;6,217224;2,13557;1,316945;1,282776;
0,016;6,251722;2,156094;1,282776;1,248278;
0,016;6,286539;2,176067;1,248278;1,213461;
0,016;6,321667;2,195482;1,213461;1,178333;
0,016;6,357096;2,214335;1,178333;1,142904;
0,016;6,392818;2,232622;1,142904;1,107182;
0,016;6,428823;2,250337;1,107182;1,071177;
0,016;6,465103;2,267476;1,071177;1,034897;
0,016;6,501647;2,284034;1,034897;0,9983525;
0,016;6,538447;2,300008;0,9983525;0,9615526;
0,016;6,575494;2,315392;0,9615526;0,9245062;
0,016;6,612777;2,330185;0,9245062;0,8872232;
0,016;6,650287;2,34438;0,8872232;0,8497133;
0,016;6,688015;2,357976;0,8497133;0,8119855;
0,016;6,72595;2,370967;0,8119855;0,7740502;
0,016;6,764083;2,383352;0,7740502;0,7359166;
0,016;6,802405;2,395127;0,7359166;0,6975946;
0,016;6,840906;2,406289;0,6975946;0,6590939;
0,016;6,879576;2,416834;0,6590939;0,6204243;
0,016;6,918404;2,426761;0,6204243;0,5815959;
0,016;6,957381;2,436066;0,5815959;0,5426188;
0,016;6,996497;2,444748;0,5426188;0,5035028;
0,016;7,035742;2,452805;0,5035028;0,4642582;
0,016;7,075106;2,460233;0,4642582;0,4248943;
0,016;7,114578;2,467031;0,4248943;0,3854218;
0,016;7,15415;2,473198;0,3854218;0,3458505;
0,016;7,193809;2,478731;0,3458505;0,306191;
0,016;7,233547;2,48363;0,306191;0,2664528;
0,016;7,273354;2,487894;0,2664528;0,2266464;
0,016;7,313218;2,49152;0,2266464;0,1867819;
0,016;7,35313;2,494509;0,1867819;0,1468697;
0,016;7,39308;2,496858;0,1468697;0,1069198;
0,016;7,433057;2,498569;0,1069198;0,06694269;
0,016;7,473052;2,49964;0,06694269;0,02694845;
0,016;7,513052;2,500071;0,02694845;-0,01305246;
0,016;7,55305;2,499862;-0,01305246;-0,05305004;
0,016;7,593034;2,499013;-0,05305004;-0,09303427;
0,016;7,632995;2,497525;-0,09303427;-0,1329947;
0,016;7,672921;2,495397;-0,1329947;-0,1729212;
0,016;7,712803;2,49263;-0,1729212;-0,2128034;
0,016;7,752631;2,489225;-0,2128034;-0,2526312;
0,016;7,792394;2,485183;-0,2526312;-0,2923942;
0,016;7,832082;2,480505;-0,2923942;-0,3320823;
0,016;7,871686;2,475192;-0,3320823;-0,3716855;
0,016;7,911193;2,469245;-0,3716855;-0,4111934;
0,016;7,950596;2,462666;-0,4111934;-0,4505959;
0,016;7,989883;2,455456;-0,4505959;-0,4898829;
0,016;8,029045;2,447618;-0,4898829;-0,5290451;
0,016;8,068071;2,439153;-0,5290451;-0,5680714;
0,016;8,106953;2,430064;-0,5680714;-0,6069527;
0,016;8,145679;2,420353;-0,6069527;-0,6456785;
0,016;8,184238;2,410022;-0,6456785;-0,6842384;
0,016;8,222624;2,399074;-0,6842384;-0,7226238;
0,016;8,260824;2,387512;-0,7226238;-0,7608242;
0,016;8,29883;2,375339;-0,7608242;-0,79883;
0,016;8,336631;2,362558;-0,79883;-0,8366308;
0,016;8,374218;2,349172;-0,8366308;-0,874218;
0,016;8,411581;2,335184;-0,874218;-0,911581;
0,016;8,44871;2,320599;-0,911581;-0,9487104;
0,016;8,485598;2,305419;-0,9487104;-0,9855976;
0,016;8,522232;2,28965;-0,9855976;-1,022232;
0,016;8,558605;2,273294;-1,022232;-1,058605;
0,016;8,594707;2,256356;-1,058605;-1,094707;
0,016;8,630528;2,238841;-1,094707;-1,130528;
0,016;8,66606;2,220753;-1,130528;-1,16606;
0,016;8,701294;2,202096;-1,16606;-1,201294;
0,016;8,73622;2,182875;-1,201294;-1,23622;
0,016;8,77083;2,163096;-1,23622;-1,27083;
0,016;8,805115;2,142762;-1,27083;-1,305115;
0,016;8,839065;2,121881;-1,305115;-1,339065;
0,016;8,872672;2,100456;-1,339065;-1,372672;
0,016;8,905928;2,078493;-1,372672;-1,405928;
0,016;8,938824;2,055998;-1,405928;-1,438824;
0,016;8,971352;2,032977;-1,438824;-1,471352;
0,016;9,003503;2,009435;-1,471352;-1,503503;
0,016;9,035269;1,985379;-1,503503;-1,535269;
0,016;9,066642;1,960815;-1,535269;-1,566642;
0,016;9,097613;1,935749;-1,566642;-1,597613;
0,016;9,128177;1,910187;-1,597613;-1,628177;
0,016;9,158323;1,884136;-1,628177;-1,658323;
0,016;9,188045;1,857603;-1,658323;-1,688045;
0,016;9,217334;1,830594;-1,688045;-1,717334;
0,016;9,246183;1,803117;-1,717334;-1,746183;
0,016;9,274587;1,775178;-1,746183;-1,774587;
0,016;9,302535;1,746784;-1,774587;-1,802535;
0,016;9,330022;1,717944;-1,802535;-1,830022;
0,016;9,35704;1,688663;-1,830022;-1,85704;
0,016;9,383584;1,658951;-1,85704;-1,883584;
0,016;9,409645;1,628814;-1,883584;-1,909645;
0,016;9,435217;1,598259;-1,909645;-1,935217;
0,016;9,460294;1,567296;-1,935217;-1,960294;
0,016;9,484869;1,535931;-1,960294;-1,984869;
0,016;9,508936;1,504173;-1,984869;-2,008936;
0,016;9,532489;1,47203;-2,008936;-2,032489;
0,016;9,555521;1,43951;-2,032489;-2,055521;
0,016;9,578027;1,406622;-2,055521;-2,078027;
0,016;9,6;1,373374;-2,078027;-2,1;
0,016;9,621437;1,339774;-2,1;-2,121437;
0,016;9,64233;1,305831;-2,121437;-2,14233;
0,016;9,662675;1,271553;-2,14233;-2,162675;
0,016;9,682467;1,236951;-2,162675;-2,182467;
0,016;9,701699;1,202031;-2,182467;-2,201699;
0,016;9,720368;1,166804;-2,201699;-2,220368;
0,016;9,738469;1,131278;-2,220368;-2,238469;
0,016;9,755997;1,095463;-2,238469;-2,255997;
0,016;9,772946;1,059367;-2,255997;-2,272946;
0,016;9,789314;1,022999;-2,272946;-2,289314;
0,016;9,805097;0,9863704;-2,289314;-2,305097;
0,016;9,820289;0,9494888;-2,305097;-2,320289;
0,016;9,834887;0,9123642;-2,320289;-2,334887;
0,016;9,848886;0,875006;-2,334887;-2,348886;
0,016;9,862286;0,8374239;-2,348886;-2,362286;
0,016;9,87508;0,7996273;-2,362286;-2,37508;
0,016;9,887266;0,761626;-2,37508;-2,387266;
0,016;9,898841;0,7234297;-2,387266;-2,398841;
0,016;9,909801;0,6850483;-2,398841;-2,409801;
0,016;9,920145;0,6464915;-2,409801;-2,420145;
0,016;9,92987;0,6077691;-2,420145;-2,42987;
0,016;9,938972;0,5688912;-2,42987;-2,438972;
0,016;9,94745;0,5298677;-2,438972;-2,44745;
0,016;9,955301;0,4907085;-2,44745;-2,455301;
0,016;9,962524;0,4514237;-2,455301;-2,462524;
0,016;9,969117;0,4120233;-2,462524;-2,469117;
0,016;9,975078;0,3725174;-2,469117;-2,475078;
0,016;9,980404;0,3329162;-2,475078;-2,480404;
0,016;9,985096;0,2932297;-2,480404;-2,485096;
0,016;9,989151;0,2534682;-2,485096;-2,489151;
0,016;9,992569;0,2136417;-2,489151;-2,492569;
0,016;9,995349;0,1737606;-2,492569;-2,495349;
0,016;9,99749;0,133835;-2,495349;-2,49749;
0,016;9,998992;0,09387519;-2,49749;-2,498992;
0,016;9,999854;0,05389132;-2,498992;-2,499854;
0,016;10,00008;0,01389365;-2,499854;-2,500076;
0,016;9,999659;-0,02610757;-2,500076;-2,499659;
0,016;9,998601;-0,0661021;-2,499659;-2,498601;
0,016;9,996903;-0,1060797;-2,498601;-2,496903;
0,016;9,994567;-0,1460302;-2,496903;-2,494567;
0,016;9,991591;-0,1859432;-2,494567;-2,491591;
0,016;9,987979;-0,2258087;-2,491591;-2,487979;
0,016;9,983729;-0,2656164;-2,487979;-2,483729;
0,016;9,978844;-0,3053561;-2,483729;-2,478844;
0,016;9,973324;-0,3450176;-2,478844;-2,473324;
0,016;9,967171;-0,3845907;-2,473324;-2,467171;
0,016;9,960385;-0,4240655;-2,467171;-2,460385;
0,016;9,952971;-0,4634316;-2,460385;-2,452971;
0,016;9,944927;-0,5026792;-2,452971;-2,444927;
0,016;9,936258;-0,541798;-2,444927;-2,436258;
0,016;9,926966;-0,5807781;-2,436258;-2,426966;
0,016;9,917052;-0,6196096;-2,426966;-2,417052;
0,016;9,90652;-0,6582825;-2,417052;-2,40652;
0,016;9,895371;-0,6967868;-2,40652;-2,395371;
0,016;9,88361;-0,7351127;-2,395371;-2,38361;
0,016;9,871238;-0,7732505;-2,38361;-2,371238;
0,016;9,858258;-0,8111902;-2,371238;-2,358258;
0,016;9,844675;-0,8489224;-2,358258;-2,344675;
0,016;9,830492;-0,8864372;-2,344675;-2,330492;
0,016;9,815712;-0,9237251;-2,330492;-2,315712;
0,016;9,80034;-0,9607764;-2,315712;-2,30034;
0,016;9,784378;-0,9975819;-2,30034;-2,284378;
0,016;9,767832;-1,034132;-2,284378;-2,267832;
0,016;9,750705;-1,070417;-2,267832;-2,250705;
0,016;9,733002;-1,106429;-2,250705;-2,233002;
0,016;9,714727;-1,142157;-2,233002;-2,214727;
0,016;9,695886;-1,177592;-2,214727;-2,195886;
0,016;9,676482;-1,212726;-2,195886;-2,176482;
0,016;9,656522;-1,24755;-2,176482;-2,156522;
0,016;9,636009;-1,282055;-2,156522;-2,136009;
0,016;9,614949;-1,316231;-2,136009;-2,114949;
0,016;9,593349;-1,35007;-2,114949;-2,093349;
0,016;9,571212;-1,383564;-2,093349;-2,071212;
0,016;9,548545;-1,416703;-2,071212;-2,048545;
0,016;9,525353;-1,44948;-2,048545;-2,025353;
0,016;9,501643;-1,481885;-2,025353;-2,001643;
0,016;9,477421;-1,513911;-2,001643;-1,977421;
0,016;9,452692;-1,54555;-1,977421;-1,952692;
0,016;9,427464;-1,576793;-1,952692;-1,927464;
0,016;9,401741;-1,607633;-1,927464;-1,901741;
0,016;9,375532;-1,638061;-1,901741;-1,875532;
0,016;9,348843;-1,668069;-1,875532;-1,848843;
0,016;9,32168;-1,697651;-1,848843;-1,82168;
0,016;9,294051;-1,726797;-1,82168;-1,794051;
0,016;9,265964;-1,755502;-1,794051;-1,765964;
0,016;9,237424;-1,783758;-1,765964;-1,737424;
0,016;9,208439;-1,811556;-1,737424;-1,708439;
0,016;9,179017;-1,838892;-1,708439;-1,679017;
0,016;9,149165;-1,865756;-1,679017;-1,649165;
0,016;9,118891;-1,892142;-1,649165;-1,618891;
0,016;9,088202;-1,918045;-1,618891;-1,588202;
0,016;9,057107;-1,943456;-1,588202;-1,557107;
0,016;9,025613;-1,96837;-1,557107;-1,525613;
0,016;8,993729;-1,992779;-1,525613;-1,493729;
0,016;8,961462;-2,016679;-1,493729;-1,461462;
0,016;8,928821;-2,040062;-1,461462;-1,428821;
0,016;8,895814;-2,062924;-1,428821;-1,395814;
0,016;8,86245;-2,085257;-1,395814;-1,36245;
0,016;8,828736;-2,107056;-1,36245;-1,328736;
0,016;8,794683;-2,128315;-1,328736;-1,294683;
0,016;8,760299;-2,14903;-1,294683;-1,260299;
0,016;8,725592;-2,169195;-1,260299;-1,225592;
0,016;8,690571;-2,188805;-1,225592;-1,190571;
0,016;8,655245;-2,207854;-1,190571;-1,155245;
0,016;8,619623;-2,226338;-1,155245;-1,119623;
0,016;8,583715;-2,244252;-1,119623;-1,083715;
0,016;8,54753;-2,261591;-1,083715;-1,04753;
0,016;8,511077;-2,278352;-1,04753;-1,011077;
0,016;8,474364;-2,294529;-1,011077;-0,9743643;
0,016;8,437403;-2,310119;-0,9743643;-0,9374027;
0,016;8,400201;-2,325117;-0,9374027;-0,9002008;
0,016;8,362768;-2,33952;-0,9002008;-0,8627682;
0,016;8,325115;-2,353324;-0,8627682;-0,8251152;
0,016;8,287251;-2,366526;-0,8251152;-0,7872505;
0,016;8,249185;-2,379122;-0,7872505;-0,7491846;
0,016;8,210927;-2,391109;-0,7491846;-0,710927;
0,016;8,172487;-2,402484;-0,710927;-0,6724873;
0,016;8,133875;-2,413244;-0,6724873;-0,6338749;
0,016;8,0951;-2,423386;-0,6338749;-0,5951004;
0,016;8,056174;-2,432908;-0,5951004;-0,5561743;
0,016;8,017105;-2,441807;-0,5561743;-0,5171051;
0,016;7,977904;-2,45008;-0,5171051;-0,4779038;
0,016;7,93858;-2,457727;-0,4779038;-0,43858;
0,016;7,899144;-2,464744;-0,43858;-0,3991442;
0,016;7,859606;-2,47113;-0,3991442;-0,3596063;
0,016;7,819976;-2,476884;-0,3596063;-0,3199763;
0,016;7,780264;-2,482004;-0,3199763;-0,2802644;
0,016;7,74048;-2,486488;-0,2802644;-0,2404804;
0,016;7,700635;-2,490335;-0,2404804;-0,200635;
0,016;7,660738;-2,493546;-0,200635;-0,160738;
0,016;7,6208;-2,496117;-0,160738;-0,1208;
0,016;7,580831;-2,49805;-0,1208;-0,08083105;
0,016;7,540842;-2,499343;-0,08083105;-0,04084158;
0,016;7,500842;-2,499997;-0,04084158;-0,0008416176;
0,016;7,460842;-2,50001;-0,0008416176;0,03915834;
0,016;7,420852;-2,499384;0,03915834;0,07914829;
0,016;7,380882;-2,498117;0,07914829;0,1191182;
0,016;7,340942;-2,496211;0,1191182;0,1590576;
0,016;7,301044;-2,493666;0,1590576;0,1989565;
0,016;7,261196;-2,490483;0,1989565;0,2388043;
0,016;7,221409;-2,486662;0,2388043;0,2785912;
0,016;7,181694;-2,482205;0,2785912;0,3183064;
0,016;7,14206;-2,477112;0,3183064;0,3579402;
0,016;7,102518;-2,471385;0,3579402;0,3974824;
0,016;7,063077;-2,465025;0,3974824;0,436923;
0,016;7,023748;-2,458034;0,436923;0,4762516;
0,016;6,984542;-2,450414;0,4762516;0,5154581;
0,016;6,945467;-2,442167;0,5154581;0,554533;
0,016;6,906534;-2,433294;0,554533;0,5934658;
0,016;6,867754;-2,423799;0,5934658;0,6322465;
0,016;6,829134;-2,413683;0,6322465;0,6708655;
0,016;6,790687;-2,402949;0,6708655;0,7093129;
0,016;6,752421;-2,3916;0,7093129;0,7475786;
0,016;6,714347;-2,379639;0,7475786;0,7856526;
0,016;6,676474;-2,367069;0,7856526;0,8235259;
0,016;6,638812;-2,353892;0,8235259;0,8611884;
0,016;6,60137;-2,340113;0,8611884;0,8986301;
0,016;6,564158;-2,325735;0,8986301;0,935842;
0,016;6,527186;-2,310762;0,935842;0,9728141;
0,016;6,490463;-2,295197;0,9728141;1,009537;
0,016;6,453998;-2,279044;1,009537;1,046002;
0,016;6,417801;-2,262308;1,046002;1,082199;
0,016;6,381882;-2,244993;1,082199;1,118118;
0,016;6,346248;-2,227103;1,118118;1,153752;
0,016;6,31091;-2,208643;1,153752;1,18909;
0,016;6,275876;-2,189618;1,18909;1,224124;
0,016;6,241156;-2,170032;1,224124;1,258844;
0,016;6,206758;-2,14989;1,258844;1,293242;
0,016;6,17269;-2,129198;1,293242;1,32731;
0,016;6,138963;-2,107961;1,32731;1,361037;
0,016;6,105584;-2,086185;1,361037;1,394416;
0,016;6,072562;-2,063874;1,394416;1,427438;
0,016;6,039906;-2,041035;1,427438;1,460094;
0,016;6,007623;-2,017673;1,460094;1,492377;
0,016;5,975722;-1,993795;1,492377;1,524278;
0,016;5,944211;-1,969407;1,524278;1,555789;
0,016;5,913099;-1,944514;1,555789;1,586901;
0,016;5,882393;-1,919124;1,586901;1,617607;
0,016;5,852101;-1,893242;1,617607;1,647899;
0,016;5,822231;-1,866876;1,647899;1,677769;
0,016;5,792791;-1,840032;1,677769;1,707209;
0,016;5,763787;-1,812716;1,707209;1,736213;
0,016;5,735228;-1,784937;1,736213;1,764772;
0,016;5,707121;-1,7567;1,764772;1,792879;
0,016;5,679472;-1,728014;1,792879;1,820528;
0,016;5,65229;-1,698886;1,820528;1,84771;
0,016;5,625581;-1,669322;1,84771;1,874419;
0,016;5,599352;-1,639332;1,874419;1,900648;
0,016;5,573609;-1,608921;1,900648;1,926391;
0,016;5,54836;-1,578099;1,926391;1,95164;
0,016;5,52361;-1,546873;1,95164;1,97639;
0,016;5,499366;-1,515251;1,97639;2,000634;
0,016;5,475635;-1,48324;2,000634;2,024365;
0,016;5,452421;-1,45085;2,024365;2,047579;
0,016;5,429732;-1,418089;2,047579;2,070268;
0,016;5,407572;-1,384965;2,070268;2,092428;
0,016;5,385949;-1,351486;2,092428;2,114051;
0,016;5,364866;-1,317661;2,114051;2,135134;
0,016;5,34433;-1,283499;2,135134;2,15567;
0,016;5,324346;-1,249008;2,15567;2,175654;
0,016;5,304919;-1,214198;2,175654;2,195081;
0,016;5,286054;-1,179077;2,195081;2,213946;
0,016;5,267755;-1,143654;2,213946;2,232245;
0,016;5,250028;-1,107938;2,232245;2,249972;
0,016;5,232877;-1,071938;2,249972;2,267123;
0,016;5,216307;-1,035664;2,267123;2,283693;
0,016;5,200321;-0,999125;2,283693;2,299679;
0,016;5,184924;-0,9623301;2,299679;2,315076;
0,016;5,170119;-0,9252889;2,315076;2,329881;
0,016;5,15591;-0,8880107;2,329881;2,34409;
0,016;5,142303;-0,8505053;2,34409;2,357697;
0,016;5,129298;-0,8127821;2,357697;2,370702;
0,016;5,1169;-0,7748509;2,370702;2,3831;
0,016;5,105113;-0,7367213;2,3831;2,394887;
0,016;5,093938;-0,6984031;2,394887;2,406062;
0,016;5,08338;-0,6599061;2,406062;2,41662;
0,016;5,07344;-0,6212402;2,41662;2,42656;
0,016;5,064121;-0,5824152;2,42656;2,435879;
0,016;5,055426;-0,5434412;2,435879;2,444574;
0,016;5,047357;-0,504328;2,444574;2,452643;
0,016;5,039916;-0,4650857;2,452643;2,460084;
0,016;5,033104;-0,4257244;2,460084;2,466896;
0,016;5,026924;-0,386254;2,466896;2,473076;
0,016;5,021377;-0,3466848;2,473076;2,478623;
0,016;5,016464;-0,3070268;2,478623;2,483536;
0,016;5,012187;-0,2672902;2,483536;2,487813;
0,016;5,008548;-0,2274852;2,487813;2,491452;
0,016;5,005546;-0,187622;2,491452;2,494454;
0,016;5,003182;-0,1477107;2,494454;2,496818;
0,016;5,001458;-0,1077617;2,496818;2,498542;
0,016;5,000374;-0,06778499;2,498542;2,499626;
0,016;4,999929;-0,02779097;2,499626;2,500071;
0,016;5,000124;0,01221017;2,500071;2,499876;
0,016;5,00096;0,05220818;2,499876;2,49904;
0,016;5,002435;0,09219283;2,49904;2,497565;
0,016;5,004549;0,1321539;2,497565;2,495451;
0,016;5,007302;0,1720811;2,495451;2,492698;
0,016;5,010694;0,2119642;2,492698;2,489306;
0,016;5,014722;0,2517931;2,489306;2,485278;
0,016;5,019387;0,2915576;2,485278;2,480613;
0,016;5,024687;0,3312474;2,480613;2,475313;
0,016;5,030621;0,3708524;2,475313;2,469379;
0,016;5,037187;0,4103625;2,469379;2,462813;
0,016;5,044383;0,4497675;2,462813;2,455617;
0,016;5,052208;0,4890574;2,455617;2,447792;
0,016;5,060659;0,528222;2,447792;2,439341;
0,016;5,069736;0,5672515;2,439341;2,430264;
0,016;5,079434;0,6061357;2,430264;2,420566;
0,016;5,089752;0,6448648;2,420566;2,410248;
0,016;5,100687;0,6834288;2,410248;2,399313;
0,016;5,112236;0,7218178;2,399313;2,387764;
0,016;5,124396;0,760022;2,387764;2,375604;
0,016;5,137165;0,7980317;2,375604;2,362835;
0,016;5,150538;0,8358371;2,362835;2,349462;
0,016;5,164513;0,8734285;2,349462;2,335487;
0,016;5,179085;0,9107963;2,335487;2,320915;
0,016;5,194252;0,9479309;2,320915;2,305748;
0,016;5,210009;0,9848229;2,305748;2,289991;
0,016;5,226353;1,021463;2,289991;2,273647;
0,016;5,243278;1,057841;2,273647;2,256722;
0,016;5,260781;1,093949;2,256722;2,239219;
0,016;5,278858;1,129776;2,239219;2,221142;
0,016;5,297503;1,165315;2,221142;2,202497;
0,016;5,316711;1,200554;2,202497;2,183289;
0,016;5,336479;1,235487;2,183289;2,163521;
0,016;5,356801;1,270103;2,163521;2,143199;
0,016;5,377671;1,304395;2,143199;2,122329;
0,016;5,399085;1,338352;2,122329;2,100915;
0,016;5,421037;1,371966;2,100915;2,078963;
0,016;5,443521;1,40523;2,078963;2,056479;
0,016;5,466531;1,438134;2,056479;2,033469;
0,016;5,490061;1,470669;2,033469;2,009939;
0,016;5,514107;1,502828;2,009939;1,985893;
0,016;5,538661;1,534602;1,985893;1,961339;
0,016;5,563716;1,565984;1,961339;1,936284;
0,016;5,589268;1,596964;1,936284;1,910732;
0,016;5,615308;1,627536;1,910732;1,884692;
0,016;5,641831;1,657691;1,884692;1,858169;
0,016;5,66883;1,687422;1,858169;1,83117;
0,016;5,696298;1,716721;1,83117;1,803702;
0,016;5,724227;1,74558;1,803702;1,775773;
0,016;5,752611;1,773992;1,775773;1,747389;
0,016;5,781442;1,80195;1,747389;1,718558;
0,016;5,810713;1,829447;1,718558;1,689287;
0,016;5,840416;1,856476;1,689287;1,659584;
0,016;5,870545;1,883029;1,659584;1,629455;
0,016;5,901091;1,909101;1,629455;1,598909;
0,016;5,932045;1,934683;1,598909;1,567955;
0,016;5,963402;1,95977;1,567955;1,536598;
0,016;5,995152;1,984356;1,536598;1,504848;
0,016;6,027287;2,008434;1,504848;1,472713;
0,016;6,059799;2,031997;1,472713;1,440201;
0,016;6,09268;2,05504;1,440201;1,40732;
0,016;6,12592;2,077557;1,40732;1,37408;
0,016;6,159513;2,099543;1,37408;1,340487;
0,016;6,193449;2,120991;1,340487;1,306551;
0,016;6,227719;2,141895;1,306551;1,272281;
0,016;6,262315;2,162252;1,272281;1,237685;
0,016;6,297228;2,182055;1,237685;1,202772;
0,016;6,332449;2,201299;1,202772;1,167551;
0,016;6,367969;2,21998;1,167551;1,132031;
0,016;6,403778;2,238092;1,132031;1,096222;
0,016;6,439868;2,255632;1,096222;1,060132;
0,016;6,47623;2,272594;1,060132;1,02377;
0,016;6,512853;2,288974;1,02377;0,9871469;
0,016;6,549729;2,304769;0,9871469;0,9502707;
0,016;6,586849;2,319973;0,9502707;0,9131513;
0,016;6,624202;2,334584;0,9131513;0,8757977;
0,016;6,66178;2,348596;0,8757977;0,8382201;
0,016;6,699572;2,362008;0,8382201;0,8004279;
0,016;6,737569;2,374815;0,8004279;0,7624307;
0,016;6,775762;2,387014;0,7624307;0,7242384;
0,016;6,814139;2,398602;0,7242384;0,6858606;
0,016;6,852693;2,409575;0,6858606;0,6473074;
0,016;6,891411;2,419932;0,6473074;0,6085887;
0,016;6,930286;2,42967;0,6085887;0,5697141;
0,016;6,969306;2,438785;0,5697141;0,5306935;
0,016;7,008463;2,447276;0,5306935;0,4915371;
0,016;7,047745;2,455141;0,4915371;0,4522548;
0,016;7,087143;2,462377;0,4522548;0,4128566;
0,016;7,126647;2,468982;0,4128566;0,373353;
0,016;7,166246;2,474956;0,373353;0,3337536;
0,016;7,205931;2,480296;0,3337536;0,2940688;
0,016;7,245691;2,485001;0,2940688;0,2543087;
0,016;7,285516;2,48907;0,2543087;0,2144837;
0,016;7,325396;2,492502;0,2144837;0,1746039;
0,016;7,365321;2,495295;0,1746039;0,1346793;
0,016;7,40528;2,49745;0,1346793;0,09471989;
0,016;7,445263;2,498966;0,09471989;0,05473661;
0,016;7,485261;2,499841;0,05473661;0,01473904;
0,016;7,525262;2,500077;0,01473904;-0,02526236;
0,016;7,565257;2,499673;-0,02526236;-0,06525707;
0,016;7,605235;2,498629;-0,06525707;-0,1052351;
0,016;7,645186;2,496945;-0,1052351;-0,1451864;
0,016;7,685101;2,494622;-0,1451864;-0,1851006;
0,016;7,724967;2,491661;-0,1851006;-0,224967;
0,016;7,764776;2,488061;-0,224967;-0,2647758;
0,016;7,804517;2,483825;-0,2647758;-0,3045168;
0,016;7,84418;2,478953;-0,3045168;-0,3441801;
0,016;7,883755;2,473446;-0,3441801;-0,3837552;
0,016;7,923232;2,467306;-0,3837552;-0,4232321;
0,016;7,962601;2,460534;-0,4232321;-0,4626007;
0,016;8,001851;2,453132;-0,4626007;-0,5018511;
0,016;8,040973;2,445102;-0,5018511;-0,5409727;
0,016;8,079956;2,436447;-0,5409727;-0,5799561;
0,016;8,118791;2,427168;-0,5799561;-0,6187906;
0,016;8,157467;2,417267;-0,6187906;-0,6574669;
0,016;8,195975;2,406748;-0,6574669;-0,6959753;
0,016;8,234305;2,395612;-0,6959753;-0,7343054;
0,016;8,272448;2,383863;-0,7343054;-0,7724476;
0,016;8,310391;2,371504;-0,7724476;-0,8103914;
0,016;8,348128;2,358538;-0,8103914;-0,8481283;
0,016;8,385648;2,344968;-0,8481283;-0,8856478;
0,016;8,42294;2,330797;-0,8856478;-0,9229403;
0,016;8,459997;2,316031;-0,9229403;-0,9599972;
0,016;8,496808;2,300671;-0,9599972;-0,9968081;
0,016;8,533363;2,284722;-0,9968081;-1,033363;
0,016;8,569654;2,268188;-1,033363;-1,069654;
0,016;8,605672;2,251073;-1,069654;-1,105672;
0,016;8,641406;2,233383;-1,105672;-1,141406;
0,016;8,676848;2,21512;-1,141406;-1,176848;
0,016;8,711989;2,196291;-1,176848;-1,211989;
0,016;8,746819;2,176899;-1,211989;-1,246819;
0,016;8,781331;2,15695;-1,246819;-1,281331;
0,016;8,815515;2,136448;-1,281331;-1,315515;
0,016;8,849361;2,1154;-1,315515;-1,349361;
0,016;8,882862;2,09381;-1,349361;-1,382862;
0,016;8,916009;2,071685;-1,382862;-1,416009;
0,016;8,948793;2,049028;-1,416009;-1,448793;
0,016;8,981207;2,025848;-1,448793;-1,481207;
0,016;9,013241;2,002148;-1,481207;-1,513241;
0,016;9,044888;1,977937;-1,513241;-1,544888;
0,016;9,076139;1,953218;-1,544888;-1,576139;
0,016;9,106987;1,928;-1,576139;-1,606987;
0,016;9,137424;1,902288;-1,606987;-1,637424;
0,016;9,167441;1,87609;-1,637424;-1,667441;
0,016;9,197032;1,849411;-1,667441;-1,697032;
0,016;9,226188;1,822258;-1,697032;-1,726188;
0,016;9,254902;1,794639;-1,726188;-1,754902;
0,016;9,283167;1,766561;-1,754902;-1,783167;
0,016;9,310975;1,73803;-1,783167;-1,810975;
0,016;9,33832;1,709054;-1,810975;-1,83832;
0,016;9,365194;1,679641;-1,83832;-1,865194;
0,016;9,391591;1,649798;-1,865194;-1,891591;
0,016;9,417503;1,619533;-1,891591;-1,917503;
0,016;9,442925;1,588853;-1,917503;-1,942925;
0,016;9,46785;1,557766;-1,942925;-1,96785;
0,016;9,49227;1,52628;-1,96785;-1,99227;
0,016;9,516181;1,494404;-1,99227;-2,016181;
0,016;9,539576;1,462145;-2,016181;-2,039576;
0,016;9,562448;1,429512;-2,039576;-2,062448;
0,016;9,584792;1,396513;-2,062448;-2,084792;
0,016;9,606603;1,363156;-2,084792;-2,106603;
0,016;9,627873;1,32945;-2,106603;-2,127873;
0,016;9,6486;1,295404;-2,127873;-2,1486;
0,016;9,668777;1,261027;-2,1486;-2,168777;
0,016;9,688397;1,226326;-2,168777;-2,188397;
0,016;9,707458;1,191312;-2,188397;-2,207458;
0,016;9,725954;1,155993;-2,207458;-2,225954;
0,016;9,74388;1,120378;-2,225954;-2,24388;
0,016;9,761231;1,084475;-2,24388;-2,261231;
0,016;9,778004;1,048296;-2,261231;-2,278004;
0,016;9,794193;1,011848;-2,278004;-2,294193;
0,016;9,809795;0,9751406;-2,294193;-2,309795;
0,016;9,824806;0,9381839;-2,309795;-2,324806;
0,016;9,839222;0,900987;-2,324806;-2,339222;
0,016;9,853039;0,8635595;-2,339222;-2,353039;
0,016;9,866253;0,8259109;-2,353039;-2,366253;
0,016;9,878861;0,7880508;-2,366253;-2,378861;
0,016;9,890862;0,749989;-2,378861;-2,390862;
0,016;9,902249;0,7117352;-2,390862;-2,402249;
0,016;9,913022;0,6732993;-2,402249;-2,413022;
0,016;9,923177;0,6346909;-2,413022;-2,423177;
0,016;9,932712;0,59592;-2,423177;-2,432712;
0,016;9,941624;0,5569966;-2,432712;-2,441624;
0,016;9,94991;0,5179307;-2,441624;-2,44991;
0,016;9,95757;0,4787321;-2,44991;-2,45757;
0,016;9,964601;0,439411;-2,45757;-2,464601;
0,016;9,971001;0,3999774;-2,464601;-2,471001;
0,016;9,976768;0,3604414;-2,471001;-2,476768;
0,016;9,9819;0,3208131;-2,476768;-2,4819;
0,016;9,986398;0,2811027;-2,4819;-2,486398;
0,016;9,990259;0,2413204;-2,486398;-2,490259;
0,016;9,993483;0,2014762;-2,490259;-2,493483;
0,016;9,996068;0,1615805;-2,493483;-2,496068;
0,016;9,998014;0,1216434;-2,496068;-2,498014;
0,016;9,999321;0,08167516;-2,498014;-2,499321;
0,016;9,999988;0,04168602;-2,499321;-2,499988;
0,016;10,00001;0,001686215;-2,499988;-2,500014;
0,016;9,999401;-0,03831401;-2,500014;-2,499401;
0,016;9,998148;-0,07830443;-2,499401;-2,498148;
0,016;9,996256;-0,1182748;-2,498148;-2,496256;
0,016;9,993725;-0,1582149;-2,496256;-2,493725;
0,016;9,990555;-0,1981145;-2,493725;-2,490555;
0,016;9,986748;-0,2379634;-2,490555;-2,486748;
0,016;9,982304;-0,2777514;-2,486748;-2,482304;
0,016;9,977224;-0,3174682;-2,482304;-2,477224;
0,016;9,971511;-0,3571038;-2,477224;-2,471511;
0,016;9,965164;-0,396648;-2,471511;-2,465164;
0,016;9,958187;-0,4360906;-2,465164;-2,458187;
0,016;9,950581;-0,4754216;-2,458187;-2,450581;
0,016;9,942347;-0,5146309;-2,450581;-2,442347;
0,016;9,933487;-0,5537084;-2,442347;-2,433487;
0,016;9,924005;-0,5926442;-2,433487;-2,424005;
0,016;9,913901;-0,6314283;-2,424005;-2,413901;
0,016;9,90318;-0,6700507;-2,413901;-2,40318;
0,016;9,891844;-0,7085016;-2,40318;-2,391844;
0,016;9,879895;-0,7467712;-2,391844;-2,379895;
0,016;9,867337;-0,7848495;-2,379895;-2,367337;
0,016;9,854174;-0,8227268;-2,367337;-2,354174;
0,016;9,840407;-0,8603936;-2,354174;-2,340407;
0,016;9,826042;-0,8978401;-2,340407;-2,326042;
0,016;9,811081;-0,9350568;-2,326042;-2,311081;
0,016;9,795528;-0,9720341;-2,311081;-2,295528;
0,016;9,779388;-1,008763;-2,295528;-2,279388;
0,016;9,762665;-1,045233;-2,279388;-2,262665;
0,016;9,745362;-1,081435;-2,262665;-2,245362;
0,016;9,727485;-1,117361;-2,245362;-2,227485;
0,016;9,709037;-1,153001;-2,227485;-2,209037;
0,016;9,690023;-1,188346;-2,209037;-2,190023;
0,016;9,670449;-1,223386;-2,190023;-2,170449;
0,016;9,650319;-1,258113;-2,170449;-2,150319;
0,016;9,629639;-1,292518;-2,150319;-2,129639;
0,016;9,608413;-1,326592;-2,129639;-2,108413;
0,016;9,586647;-1,360327;-2,108413;-2,086647;
0,016;9,564347;-1,393713;-2,086647;-2,064347;
0,016;9,541519;-1,426743;-2,064347;-2,041519;
0,016;9,518168;-1,459407;-2,041519;-2,018168;
0,016;9,494301;-1,491698;-2,018168;-1,994301;
0,016;9,469923;-1,523607;-1,994301;-1,969923;
0,016;9,445041;-1,555126;-1,969923;-1,945041;
0,016;9,419661;-1,586246;-1,945041;-1,919661;
0,016;9,393789;-1,616961;-1,919661;-1,893789;
0,016;9,367434;-1,647261;-1,893789;-1,867434;
0,016;9,340599;-1,67714;-1,867434;-1,840599;
0,016;9,313293;-1,70659;-1,840599;-1,813293;
0,016;9,285523;-1,735603;-1,813293;-1,785523;
0,016;9,257297;-1,764171;-1,785523;-1,757297;
0,016;9,22862;-1,792288;-1,757297;-1,72862;
0,016;9,1995;-1,819946;-1,72862;-1,6995;
0,016;9,169946;-1,847138;-1,6995;-1,669946;
0,016;9,139964;-1,873857;-1,669946;-1,639964;
0,016;9,109563;-1,900096;-1,639964;-1,609563;
0,016;9,07875;-1,925849;-1,609563;-1,57875;
0,016;9,047532;-1,951109;-1,57875;-1,547532;
0,016;9,015918;-1,97587;-1,547532;-1,515918;
0,016;8,983915;-2,000124;-1,515918;-1,483915;
0,016;8,951533;-2,023867;-1,483915;-1,451533;
0,016;8,91878;-2,047091;-1,451533;-1,41878;
0,016;8,885664;-2,069792;-1,41878;-1,385664;
0,016;8,852193;-2,091963;-1,385664;-1,352193;
0,016;8,818376;-2,113598;-1,352193;-1,318376;
0,016;8,784221;-2,134692;-1,318376;-1,284221;
0,016;8,749737;-2,155239;-1,284221;-1,249737;
0,016;8,714933;-2,175235;-1,249737;-1,214933;
0,016;8,679818;-2,194674;-1,214933;-1,179818;
0,016;8,644402;-2,213551;-1,179818;-1,144402;
0,016;8,608692;-2,231861;-1,144402;-1,108692;
0,016;8,572699;-2,2496;-1,108692;-1,072699;
0,016;8,53643;-2,266764;-1,072699;-1,03643;
0,016;8,499897;-2,283347;-1,03643;-0,999897;
0,016;8,463107;-2,299345;-0,999897;-0,9631071;
0,016;8,426071;-2,314755;-0,9631071;-0,9260712;
0,016;8,388798;-2,329572;-0,9260712;-0,8887978;
0,016;8,351297;-2,343793;-0,8887978;-0,8512974;
0,016;8,313579;-2,357414;-0,8512974;-0,8135786;
0,016;8,275652;-2,370431;-0,8135786;-0,7756519;
0,016;8,237527;-2,382841;-0,7756519;-0,7375269;
0,016;8,199213;-2,394642;-0,7375269;-0,699213;
0,016;8,16072;-2,405829;-0,699213;-0,6607199;
0,016;8,122058;-2,4164;-0,6607199;-0,6220579;
0,016;8,083237;-2,426353;-0,6220579;-0,5832367;
0,016;8,044266;-2,435685;-0,5832367;-0,5442657;
0,016;8,005156;-2,444393;-0,5442657;-0,5051556;
0,016;7,965916;-2,452476;-0,5051556;-0,4659162;
0,016;7,926557;-2,45993;-0,4659162;-0,4265571;
0,016;7,887089;-2,466755;-0,4265571;-0,3870888;
0,016;7,847522;-2,472949;-0,3870888;-0,3475218;
0,016;7,807866;-2,478509;-0,3475218;-0,3078656;
0,016;7,768131;-2,483435;-0,3078656;-0,2681308;
0,016;7,728327;-2,487725;-0,2681308;-0,2283273;
0,016;7,688465;-2,491379;-0,2283273;-0,1884651;
0,016;7,648555;-2,494394;-0,1884651;-0,1485548;
0,016;7,608606;-2,496771;-0,1485548;-0,1086063;
0,016;7,56863;-2,498508;-0,1086063;-0,06863022;
0,016;7,528636;-2,499607;-0,06863022;-0,02863646;
0,016;7,488636;-2,500065;-0,02863646;0,01136446;
0,016;7,448637;-2,499883;0,01136446;0,05136251;
0,016;7,408652;-2,499061;0,05136251;0,09134769;
0,016;7,36869;-2,4976;0,09134769;0,1313095;
0,016;7,328763;-2,495499;0,1313095;0,1712375;
0,016;7,288878;-2,492759;0,1712375;0,2111216;
0,016;7,249048;-2,489381;0,2111216;0,2509518;
0,016;7,209282;-2,485366;0,2509518;0,2907176;
0,016;7,169591;-2,480714;0,2907176;0,330409;
0,016;7,129984;-2,475428;0,330409;0,3700161;
0,016;7,090472;-2,469507;0,3700161;0,4095283;
0,016;7,051064;-2,462955;0,4095283;0,4489355;
0,016;7,011772;-2,455772;0,4489355;0,4882278;
0,016;6,972605;-2,44796;0,4882278;0,5273952;
0,016;6,933572;-2,439522;0,5273952;0,5664277;
0,016;6,894685;-2,430459;0,5664277;0,6053152;
0,016;6,855952;-2,420774;0,6053152;0,6440477;
0,016;6,817385;-2,41047;0,6440477;0,6826153;
0,016;6,778992;-2,399548;0,6826153;0,7210078;
0,016;6,740784;-2,388011;0,7210078;0,7592158;
0,016;6,70277;-2,375864;0,7592158;0,7972298;
0,016;6,66496;-2,363108;0,7972298;0,8350396;
0,016;6,627365;-2,349748;0,8350396;0,8726354;
0,016;6,589992;-2,335785;0,8726354;0,910008;
0,016;6,552853;-2,321225;0,910008;0,9471474;
0,016;6,515955;-2,306071;0,9471474;0,9840446;
0,016;6,47931;-2,290326;0,9840446;1,02069;
0,016;6,442926;-2,273995;1,02069;1,057074;
0,016;6,406813;-2,257082;1,057074;1,093187;
0,016;6,370979;-2,239591;1,093187;1,129021;
0,016;6,335435;-2,221527;1,129021;1,164565;
0,016;6,300189;-2,202893;1,164565;1,199811;
0,016;6,265249;-2,183697;1,199811;1,234751;
0,016;6,230626;-2,16394;1,234751;1,269374;
0,016;6,196328;-2,143631;1,269374;1,303672;
0,016;6,162364;-2,122772;1,303672;1,337636;
0,016;6,128742;-2,10137;1,337636;1,371258;
0,016;6,095471;-2,079429;1,371258;1,404529;
0,016;6,06256;-2,056957;1,404529;1,43744;
0,016;6,030017;-2,033958;1,43744;1,469983;
0,016;5,99785;-2,010438;1,469983;1,50215;
0,016;5,966067;-1,986404;1,50215;1,533933;
0,016;5,934678;-1,961861;1,533933;1,565322;
0,016;5,903688;-1,936816;1,565322;1,596312;
0,016;5,873108;-1,911275;1,596312;1,626892;
0,016;5,842944;-1,885244;1,626892;1,657056;
0,016;5,813204;-1,858732;1,657056;1,686796;
0,016;5,783896;-1,831743;1,686796;1,716104;
0,016;5,755028;-1,804285;1,716104;1,744972;
0,016;5,726606;-1,776366;1,744972;1,773394;
0,016;5,698638;-1,747991;1,773394;1,801362;
0,016;5,671131;-1,719169;1,801362;1,828869;
0,016;5,644093;-1,689908;1,828869;1,855907;
0,016;5,617529;-1,660213;1,855907;1,882471;
0,016;5,591447;-1,630093;1,882471;1,908553;
0,016;5,565855;-1,599557;1,908553;1,934145;
0,016;5,540757;-1,56861;1,934145;1,959243;
0,016;5,51616;-1,537262;1,959243;1,98384;
0,016;5,492072;-1,505521;1,98384;2,007928;
0,016;5,468498;-1,473394;2,007928;2,031502;
0,016;5,445444;-1,44089;2,031502;2,054556;
0,016;5,422915;-1,408017;2,054556;2,077085;
0,016;5,400919;-1,374784;2,077085;2,099081;
0,016;5,37946;-1,341198;2,099081;2,12054;
0,016;5,358543;-1,30727;2,12054;2,141457;
0,016;5,338175;-1,273006;2,141457;2,161825;
0,016;5,318361;-1,238417;2,161825;2,181639;
0,016;5,299105;-1,203511;2,181639;2,200895;
0,016;5,280412;-1,168297;2,200895;2,219588;
0,016;5,262287;-1,132783;2,219588;2,237713;
0,016;5,244735;-1,09698;2,237713;2,255265;
0,016;5,227761;-1,060896;2,255265;2,272239;
0,016;5,211368;-1,02454;2,272239;2,288632;
0,016;5,195561;-0,9879216;2,288632;2,304439;
0,016;5,180345;-0,9510506;2,304439;2,319655;
0,016;5,165721;-0,9139361;2,319655;2,334279;
0,016;5,151696;-0,8765876;2,334279;2,348304;
0,016;5,138272;-0,8390148;2,348304;2,361728;
0,016;5,125452;-0,8012271;2,361728;2,374548;
0,016;5,11324;-0,7632343;2,374548;2,38676;
0,016;5,101639;-0,7250462;2,38676;2,398361;
0,016;5,090652;-0,6866724;2,398361;2,409348;
0,016;5,080283;-0,6481228;2,409348;2,419717;
0,016;5,070532;-0,6094074;2,419717;2,429468;
0,016;5,061404;-0,5705359;2,429468;2,438596;
0,016;5,052899;-0,5315183;2,438596;2,447101;
0,016;5,045022;-0,4923647;2,447101;2,454978;
0,016;5,037772;-0,4530851;2,454978;2,462228;
0,016;5,031153;-0,4136894;2,462228;2,468847;
0,016;5,025166;-0,3741879;2,468847;2,474834;
0,016;5,019813;-0,3345906;2,474834;2,480187;
0,016;5,015094;-0,2949076;2,480187;2,484906;
0,016;5,011012;-0,2551491;2,484906;2,488988;
0,016;5,007567;-0,2153253;2,488988;2,492433;
0,016;5,00476;-0,1754463;2,492433;2,49524;
0,016;5,002592;-0,1355225;2,49524;2,497408;
0,016;5,001062;-0,09556395;2,497408;2,498938;
0,016;5,000173;-0,05558094;2,498938;2,499827;
0,016;4,999924;-0,01558371;2,499827;2,500076;
0,016;5,000314;0,02441751;2,500076;2,499686;
0,016;5,001345;0,06441248;2,499686;2,498655;
0,016;5,003015;0,104391;2,498655;2,496985;
0,016;5,005324;0,1443427;2,496985;2,494676;
0,016;5,008273;0,1842575;2,494676;2,491727;
0,016;5,011858;0,2241252;2,491727;2,488142;
0,016;5,016081;0,2639354;2,488142;2,483919;
0,016;5,02094;0,3036782;2,483919;2,47906;
0,016;5,026434;0,3433431;2,47906;2,473566;
0,016;5,032561;0,3829202;2,473566;2,467439;
0,016;5,039319;0,4223992;2,467439;2,460681;
0,016;5,046707;0,4617701;2,460681;2,453293;
0,016;5,054724;0,5010228;2,453293;2,445276;
0,016;5,063366;0,5401472;2,445276;2,436634;
0,016;5,072632;0,5791333;2,436634;2,427368;
0,016;5,08252;0,6179712;2,427368;2,41748;
0,016;5,093026;0,6566509;2,41748;2,406974;
0,016;5,104149;0,6951625;2,406974;2,395851;
0,016;5,115885;0,7334961;2,395851;2,384115;
0,016;5,128231;0,7716419;2,384115;2,371769;
0,016;5,141184;0,8095902;2,371769;2,358816;
0,016;5,154742;0,8473313;2,358816;2,345258;
0,016;5,1689;0,8848554;2,345258;2,3311;
0,016;5,183654;0,922153;2,3311;2,316346;
0,016;5,199001;0,9592146;2,316346;2,300999;
0,016;5,214938;0,9960306;2,300999;2,285062;
0,016;5,231459;1,032592;2,285062;2,268541;
0,016;5,248561;1,068888;2,268541;2,251439;
0,016;5,26624;1,104911;2,251439;2,23376;
0,016;5,284491;1,140651;2,23376;2,215509;
0,016;5,303308;1,1761;2,215509;2,196692;
0,016;5,322688;1,211247;2,196692;2,177312;
0,016;5,342626;1,246084;2,177312;2,157374;
0,016;5,363115;1,280602;2,157374;2,136885;
0,016;5,384152;1,314792;2,136885;2,115848;
0,016;5,40573;1,348645;2,115848;2,09427;
0,016;5,427845;1,382154;2,09427;2,072155;
0,016;5,45049;1,415308;2,072155;2,04951;
0,016;5,473659;1,4481;2,04951;2,026341;
0,016;5,497347;1,480522;2,026341;2,002653;
0,016;5,521548;1,512564;2,002653;1,978452;
0,016;5,546256;1,544219;1,978452;1,953744;
0,016;5,571463;1,575479;1,953744;1,928537;
0,016;5,597165;1,606336;1,928537;1,902835;
0,016;5,623353;1,636781;1,902835;1,876647;
0,016;5,650022;1,666808;1,876647;1,849978;
0,016;5,677165;1,696407;1,849978;1,822835;
0,016;5,704774;1,725573;1,822835;1,795226;
0,016;5,732842;1,754296;1,795226;1,767158;
0,016;5,761364;1,782571;1,767158;1,738636;
0,016;5,79033;1,810389;1,738636;1,70967;
0,016;5,819734;1,837744;1,70967;1,680266;
0,016;5,849568;1,864628;1,680266;1,650432;
0,016;5,879825;1,891035;1,650432;1,620175;
0,016;5,910496;1,916958;1,620175;1,589504;
0,016;5,941574;1,94239;1,589504;1,558426;
0,016;5,973051;1,967324;1,558426;1,526949;
0,016;6,004919;1,991756;1,526949;1,495081;
0,016;6,03717;2,015677;1,495081;1,46283;
0,016;6,069795;2,039082;1,46283;1,430205;
0,016;6,102787;2,061965;1,430205;1,397213;
0,016;6,136136;2,084321;1,397213;1,363864;
0,016;6,169834;2,106143;1,363864;1,330166;
0,016;6,203873;2,127425;1,330166;1,296127;
0,016;6,238243;2,148163;1,296127;1,261757;
0,016;6,272937;2,168351;1,261757;1,227063;
0,016;6,307945;2,187984;1,227063;1,192055;
0,016;6,343258;2,207057;1,192055;1,156742;
0,016;6,378867;2,225565;1,156742;1,121133;
0,016;6,414763;2,243503;1,121133;1,085237;
0,016;6,450937;2,260867;1,085237;1,049063;
0,016;6,487379;2,277652;1,049063;1,012621;
0,016;6,524081;2,293854;1,012621;0,9759192;
0,016;6,561032;2,309469;0,9759192;0,9389677;
0,016;6,598224;2,324492;0,9389677;0,9017758;
0,016;6,635647;2,338921;0,9017758;0,8643532;
0,016;6,673291;2,35275;0,8643532;0,8267093;
0,016;6,711146;2,365978;0,8267093;0,7888536;
0,016;6,749204;2,378599;0,7888536;0,7507958;
0,016;6,787454;2,390612;0,7507958;0,7125459;
0,016;6,825886;2,402013;0,7125459;0,6741138;
0,016;6,864491;2,412799;0,6741138;0,635509;
0,016;6,903258;2,422967;0,635509;0,5967417;
0,016;6,942179;2,432515;0,5967417;0,5578213;
0,016;6,981242;2,44144;0,5578213;0,5187583;
0,016;7,020438;2,44974;0,5187583;0,4795623;
0,016;7,059756;2,457413;0,4795623;0,4402437;
0,016;7,099187;2,464457;0,4402437;0,4008126;
0,016;7,138721;2,47087;0,4008126;0,3612785;
0,016;7,178348;2,47665;0,3612785;0,3216519;
0,016;7,218057;2,481797;0,3216519;0,2819433;
0,016;7,257838;2,486308;0,2819433;0,2421622;
0,016;7,297681;2,490182;0,2421622;0,2023191;
0,016;7,337575;2,493419;0,2023191;0,1624246;
0,016;7,377512;2,496018;0,1624246;0,1224885;
0,016;7,417479;2,497978;0,1224885;0,08252096;
0,016;7,457468;2,499298;0,08252096;0,04253197;
0,016;7,497468;2,499979;0,04253197;0,002532482;
0,016;7,537468;2,500019;0,002532482;-0,03746796;
0,016;7,577459;2,49942;-0,03746796;-0,07745886;
0,016;7,61743;2,498181;-0,07745886;-0,1174297;
0,016;7,657371;2,496302;-0,1174297;-0,1573706;
0,016;7,697271;2,493784;-0,1573706;-0,1972713;
0,016;7,737122;2,490627;-0,1972713;-0,2371216;
0,016;7,776911;2,486833;-0,2371216;-0,2769108;
0,016;7,816629;2,482403;-0,2769108;-0,3166294;
0,016;7,856267;2,477337;-0,3166294;-0,356267;
0,016;7,895813;2,471636;-0,356267;-0,395813;
0,016;7,935258;2,465303;-0,395813;-0,4352579;
0,016;7,974591;2,458339;-0,4352579;-0,4745913;
0,016;8,013803;2,450746;-0,4745913;-0,5138035;
0,016;8,052884;2,442525;-0,5138035;-0,5528841;
0,016;8,091823;2,433679;-0,5528841;-0,5918226;
0,016;8,13061;2,424209;-0,5918226;-0,6306095;
0,016;8,169235;2,41412;-0,6306095;-0,6692352;
0,016;8,20769;2,403412;-0,6692352;-0,7076902;
0,016;8,245964;2,392089;-0,7076902;-0,7459641;
0,016;8,284046;2,380153;-0,7459641;-0,7840462;
0,016;8,321928;2,367609;-0,7840462;-0,821928;
0,016;8,359599;2,354458;-0,821928;-0,8595991;
0,016;8,397051;2,340704;-0,8595991;-0,8970509;
0,016;8,434273;2,326351;-0,8970509;-0,9342728;
0,016;8,471255;2,311403;-0,9342728;-0,9712553;
0,016;8,507989;2,295863;-0,9712553;-1,007989;
0,016;8,544465;2,279735;-1,007989;-1,044465;
0,016;8,580673;2,263024;-1,044465;-1,080673;
0,016;8,616605;2,245733;-1,080673;-1,116605;
0,016;8,65225;2,227867;-1,116605;-1,15225;
0,016;8,687601;2,209431;-1,15225;-1,187601;
0,016;8,722648;2,190429;-1,187601;-1,222648;
0,016;8,757381;2,170867;-1,222648;-1,257381;
0,016;8,791794;2,150749;-1,257381;-1,291794;
0,016;8,825875;2,13008;-1,291794;-1,325875;
0,016;8,859617;2,108866;-1,325875;-1,359617;
0,016;8,893011;2,087112;-1,359617;-1,393011;
0,016;8,926048;2,064824;-1,393011;-1,426048;
0,016;8,95872;2,042008;-1,426048;-1,45872;
0,016;8,991019;2,018668;-1,45872;-1,491019;
0,016;9,022936;1,994812;-1,491019;-1,522936;
0,016;9,054463;1,970445;-1,522936;-1,554463;
0,016;9,085592;1,945573;-1,554463;-1,585592;
0,016;9,116316;1,920204;-1,585592;-1,616316;
0,016;9,146626;1,894343;-1,616316;-1,646626;
0,016;9,176514;1,867997;-1,646626;-1,676514;
0,016;9,205973;1,841173;-1,676514;-1,705973;
0,016;9,234995;1,813877;-1,705973;-1,734995;
0,016;9,263573;1,786117;-1,734995;-1,763573;
0,016;9,291699;1,7579;-1,763573;-1,791699;
0,016;9,319367;1,729233;-1,791699;-1,819367;
0,016;9,346569;1,700123;-1,819367;-1,846569;
0,016;9,373299;1,670578;-1,846569;-1,873299;
0,016;9,399549;1,640605;-1,873299;-1,899549;
0,016;9,425312;1,610212;-1,899549;-1,925312;
0,016;9,450583;1,579407;-1,925312;-1,950583;
0,016;9,475353;1,548198;-1,950583;-1,975353;
0,016;9,499619;1,516592;-1,975353;-1,999619;
0,016;9,523372;1,484599;-1,999619;-2,023372;
0,016;9,546607;1,452225;-2,023372;-2,046607;
0,016;9,569319;1,419479;-2,046607;-2,069319;
0,016;9,5915;1,38637;-2,069319;-2,0915;
0,016;9,613147;1,352906;-2,0915;-2,113147;
0,016;9,634253;1,319095;-2,113147;-2,134253;
0,016;9,654812;1,284947;-2,134253;-2,154812;
0,016;9,674819;1,25047;-2,154812;-2,174819;
0,016;9,69427;1,215673;-2,174819;-2,19427;
0,016;9,71316;1,180565;-2,19427;-2,21316;
0,016;9,731483;1,145154;-2,21316;-2,231483;
0,016;9,749233;1,109451;-2,231483;-2,249233;
0,016;9,766409;1,073463;-2,249233;-2,266409;
0,016;9,783004;1,0372;-2,266409;-2,283004;
0,016;9,799014;1,000672;-2,283004;-2,299014;
0,016;9,814436;0,9638881;-2,299014;-2,314436;
0,016;9,829266;0,9268571;-2,314436;-2,329266;
0,016;9,843499;0,8895888;-2,329266;-2,343499;
0,016;9,857133;0,8520929;-2,343499;-2,357133;
0,016;9,870163;0,8143787;-2,357133;-2,370163;
0,016;9,882586;0,7764561;-2,370163;-2,382586;
0,016;9,8944;0,7383347;-2,382586;-2,3944;
0,016;9,9056;0,7000243;-2,3944;-2,4056;
0,016;9,916184;0,6615347;-2,4056;-2,416184;
0,016;9,92615;0,6228758;-2,416184;-2,42615;
0,016;9,935495;0,5840573;-2,42615;-2,435495;
0,016;9,944217;0,5450894;-2,435495;-2,444217;
0,016;9,952312;0,505982;-2,444217;-2,452312;
0,016;9,959781;0,466745;-2,452312;-2,459781;
0,016;9,966619;0,4273885;-2,459781;-2,466619;
0,016;9,972825;0,3879226;-2,466619;-2,472825;
0,016;9,978398;0,3483574;-2,472825;-2,478398;
0,016;9,983337;0,308703;-2,478398;-2,483337;
0,016;9,987641;0,2689696;-2,483337;-2,487641;
0,016;9,991308;0,2291673;-2,487641;-2,491308;
0,016;9,994337;0,1893064;-2,491308;-2,494337;
0,016;9,996727;0,149397;-2,494337;-2,496727;
0,016;9,998478;0,1094494;-2,496727;-2,498478;
0,016;9,99959;0,06947372;-2,498478;-2,49959;
0,016;10,00006;0,02948028;-2,49959;-2,500062;
0,016;9,999893;-0,01052071;-2,500062;-2,499893;
0,016;9,999084;-0,050519;-2,499893;-2,499084;
0,016;9,997637;-0,09050436;-2,499084;-2,497637;
0,016;9,995549;-0,1304666;-2,497637;-2,495549;
0,016;9,992823;-0,1703953;-2,495549;-2,492823;
0,016;9,989458;-0,2102805;-2,492823;-2,489458;
0,016;9,985456;-0,2501118;-2,489458;-2,485456;
0,016;9,980819;-0,2898791;-2,485456;-2,480819;
0,016;9,975546;-0,3295723;-2,480819;-2,475546;
0,016;9,969639;-0,369181;-2,475546;-2,469639;
0,016;9,963099;-0,4086952;-2,469639;-2,463099;
0,016;9,95593;-0,4481048;-2,463099;-2,45593;
0,016;9,948132;-0,4873997;-2,45593;-2,448132;
0,016;9,939707;-0,5265698;-2,448132;-2,439707;
0,016;9,930657;-0,5656051;-2,439707;-2,430657;
0,016;9,920985;-0,6044956;-2,430657;-2,420985;
0,016;9,910693;-0,6432314;-2,420985;-2,410693;
0,016;9,899784;-0,6818025;-2,410693;-2,399784;
0,016;9,888261;-0,720199;-2,399784;-2,388261;
0,016;9,876126;-0,7584112;-2,388261;-2,376126;
0,016;9,863383;-0,7964293;-2,376126;-2,363383;
0,016;9,850036;-0,8342434;-2,363383;-2,350036;
0,016;9,836086;-0,871844;-2,350036;-2,336086;
0,016;9,821539;-0,9092214;-2,336086;-2,321539;
0,016;9,806397;-0,946366;-2,321539;-2,306397;
0,016;9,790665;-0,9832683;-2,306397;-2,290665;
0,016;9,774346;-1,019919;-2,290665;-2,274346;
0,016;9,757445;-1,056309;-2,274346;-2,257445;
0,016;9,739966;-1,092428;-2,257445;-2,239966;
0,016;9,721914;-1,128267;-2,239966;-2,221914;
0,016;9,703293;-1,163818;-2,221914;-2,203293;
0,016;9,684108;-1,19907;-2,203293;-2,184108;
0,016;9,664364;-1,234016;-2,184108;-2,164364;
0,016;9,644066;-1,268646;-2,164364;-2,144066;
0,016;9,623219;-1,302951;-2,144066;-2,123219;
0,016;9,601828;-1,336923;-2,123219;-2,101828;
0,016;9,579899;-1,370552;-2,101828;-2,079899;
0,016;9,557438;-1,40383;-2,079899;-2,057438;
0,016;9,53445;-1,436749;-2,057438;-2,03445;
0,016;9,510941;-1,4693;-2,03445;-2,010941;
0,016;9,486917;-1,501475;-2,010941;-1,986917;
0,016;9,462384;-1,533266;-1,986917;-1,962384;
0,016;9,437349;-1,564664;-1,962384;-1,937349;
0,016;9,411819;-1,595662;-1,937349;-1,911819;
0,016;9,385798;-1,626251;-1,911819;-1,885798;
0,016;9,359296;-1,656424;-1,885798;-1,859296;
0,016;9,332317;-1,686172;-1,859296;-1,832317;
0,016;9,30487;-1,71549;-1,832317;-1,80487;
0,016;9,276959;-1,744367;-1,80487;-1,776959;
0,016;9,248594;-1,772799;-1,776959;-1,748594;
0,016;9,219782;-1,800776;-1,748594;-1,719782;
0,016;9,190529;-1,828293;-1,719782;-1,690529;
0,016;9,160844;-1,855341;-1,690529;-1,660844;
0,016;9,130733;-1,881915;-1,660844;-1,630733;
0,016;9,100205;-1,908006;-1,630733;-1,600205;
0,016;9,069267;-1,93361;-1,600205;-1,569267;
0,016;9,037928;-1,958718;-1,569267;-1,537928;
0,016;9,006194;-1,983325;-1,537928;-1,506194;
0,016;8,974075;-2,007424;-1,506194;-1,474075;
0,016;8,941579;-2,031009;-1,474075;-1,441579;
0,016;8,908713;-2,054075;-1,441579;-1,408713;
0,016;8,875487;-2,076614;-1,408713;-1,375487;
0,016;8,841909;-2,098622;-1,375487;-1,341909;
0,016;8,807988;-2,120092;-1,341909;-1,307988;
0,016;8,773732;-2,14102;-1,307988;-1,273732;
0,016;8,73915;-2,1614;-1,273732;-1,23915;
0,016;8,70425;-2,181226;-1,23915;-1,20425;
0,016;8,669043;-2,200494;-1,20425;-1,169043;
0,016;8,633535;-2,219199;-1,169043;-1,133535;
0,016;8,597738;-2,237335;-1,133535;-1,097738;
0,016;8,56166;-2,254899;-1,097738;-1,06166;
0,016;8,52531;-2,271886;-1,06166;-1,02531;
0,016;8,488697;-2,288291;-1,02531;-0,9886971;
0,016;8,451831;-2,30411;-0,9886971;-0,9518309;
0,016;8,414721;-2,319339;-0,9518309;-0,9147215;
0,016;8,377378;-2,333975;-0,9147215;-0,8773775;
0,016;8,339809;-2,348013;-0,8773775;-0,8398094;
0,016;8,302026;-2,36145;-0,8398094;-0,8020258;
0,016;8,264037;-2,374282;-0,8020258;-0,7640371;
0,016;8,225853;-2,386507;-0,7640371;-0,725853;
0,016;8,187483;-2,39812;-0,725853;-0,6874828;
0,016;8,148937;-2,40912;-0,6874828;-0,6489372;
0,016;8,110225;-2,419503;-0,6489372;-0,6102247;
0,016;8,071357;-2,429266;-0,6102247;-0,5713568;
0,016;8,032342;-2,438408;-0,5713568;-0,532342;
0,016;7,993191;-2,446926;-0,532342;-0,4931912;
0,016;7,953914;-2,454817;-0,4931912;-0,4539142;
0,016;7,914521;-2,46208;-0,4539142;-0,4145207;
0,016;7,875021;-2,468712;-0,4145207;-0,3750215;
0,016;7,835426;-2,474712;-0,3750215;-0,3354259;
0,016;7,795744;-2,480079;-0,3354259;-0,2957444;
0,016;7,755988;-2,484811;-0,2957444;-0,2559876;
0,016;7,716165;-2,488907;-0,2559876;-0,2161651;
0,016;7,676287;-2,492365;-0,2161651;-0,1762872;
0,016;7,636364;-2,495186;-0,1762872;-0,136364;
0,016;7,596406;-2,497368;-0,136364;-0,09640598;
0,016;7,556423;-2,49891;-0,09640598;-0,05642319;
0,016;7,516426;-2,499813;-0,05642319;-0,01642609;
0,016;7,476425;-2,500076;-0,01642609;0,02357531;
0,016;7,43643;-2,499698;0,02357531;0,0635705;
0,016;7,396451;-2,498681;0,0635705;0,1035495;
0,016;7,356498;-2,497025;0,1035495;0,1435018;
0,016;7,316583;-2,494729;0,1435018;0,1834173;
0,016;7,276714;-2,491794;0,1834173;0,2232862;
0,016;7,236902;-2,488221;0,2232862;0,2630978;
0,016;7,197158;-2,484012;0,2630978;0,3028421;
0,016;7,157491;-2,479167;0,3028421;0,3425088;
0,016;7,117912;-2,473686;0,3425088;0,3820877;
0,016;7,078431;-2,467573;0,3820877;0,4215689;
0,016;7,039058;-2,460828;0,4215689;0,4609423;
0,016;6,999803;-2,453453;0,4609423;0,5001974;
0,016;6,960675;-2,44545;0,5001974;0,5393248;
0,016;6,921686;-2,436821;0,5393248;0,5783138;
0,016;6,882845;-2,427568;0,5783138;0,6171551;
0,016;6,844162;-2,417693;0,6171551;0,655838;
0,016;6,805647;-2,4072;0,655838;0,6943531;
0,016;6,76731;-2,39609;0,6943531;0,7326903;
0,016;6,72916;-2,384367;0,7326903;0,7708402;
0,016;6,691207;-2,372034;0,7708402;0,8087926;
0,016;6,653462;-2,359093;0,8087926;0,8465381;
0,016;6,615933;-2,345548;0,8465381;0,8840671;
0,016;6,57863;-2,331403;0,8840671;0,9213696;
0,016;6,541564;-2,316661;0,9213696;0,958436;
0,016;6,504743;-2,301326;0,958436;0,9952574;
0,016;6,468176;-2,285402;0,9952574;1,031824;
0,016;6,431874;-2,268893;1,031824;1,068126;
0,016;6,395845;-2,251803;1,068126;1,104155;
0,016;6,360099;-2,234136;1,104155;1,139901;
0,016;6,324645;-2,215898;1,139901;1,175355;
0,016;6,289492;-2,197092;1,175355;1,210508;
0,016;6,254648;-2,177724;1,210508;1,245352;
0,016;6,220123;-2,157798;1,245352;1,279877;
0,016;6,185926;-2,13732;1,279877;1,314074;
0,016;6,152065;-2,116295;1,314074;1,347935;
0,016;6,11855;-2,094728;1,347935;1,38145;
0,016;6,085388;-2,072625;1,38145;1,414612;
0,016;6,052588;-2,049991;1,414612;1,447412;
0,016;6,020159;-2,026833;1,447412;1,479841;
0,016;5,988108;-2,003155;1,479841;1,511892;
0,016;5,956445;-1,978965;1,511892;1,543555;
0,016;5,925177;-1,954268;1,543555;1,574823;
0,016;5,894311;-1,929071;1,574823;1,605689;
0,016;5,863857;-1,90338;1,605689;1,636143;
0,016;5,833822;-1,877202;1,636143;1,666178;
0,016;5,804214;-1,850543;1,666178;1,695786;
0,016;5,775039;-1,82341;1,695786;1,724961;
0,016;5,746306;-1,795811;1,724961;1,753694;
0,016;5,718022;-1,767752;1,753694;1,781978;
0,016;5,690195;-1,73924;1,781978;1,809805;
0,016;5,66283;-1,710283;1,809805;1,83717;
0,016;5,635936;-1,680888;1,83717;1,864064;
0,016;5,609519;-1,651063;1,864064;1,890481;
0,016;5,583586;-1,620816;1,890481;1,916414;
0,016;5,558143;-1,590153;1,916414;1,941857;
0,016;5,533198;-1,559083;1,941857;1,966802;
0,016;5,508756;-1,527614;1,966802;1,991244;
0,016;5,484824;-1,495755;1,991244;2,015176;
0,016;5,461408;-1,463512;2,015176;2,038592;
0,016;5,438514;-1,430894;2,038592;2,061486;
0,016;5,416147;-1,397911;2,061486;2,083853;
0,016;5,394314;-1,364569;2,083853;2,105686;
0,016;5,37302;-1,330878;2,105686;2,12698;
0,016;5,352271;-1,296846;2,12698;2,147729;
0,016;5,332071;-1,262483;2,147729;2,167929;
0,016;5,312426;-1,227796;2,167929;2,187574;
0,016;5,293341;-1,192795;2,187574;2,206659;
0,016;5,274821;-1,157488;2,206659;2,225179;
0,016;5,256871;-1,121885;2,225179;2,243129;
0,016;5,239495;-1,085995;2,243129;2,260505;
0,016;5,222698;-1,049827;2,260505;2,277302;
0,016;5,206484;-1,01339;2,277302;2,293516;
0,016;5,190857;-0,976694;2,293516;2,309143;
0,016;5,175821;-0,9397478;2,309143;2,324179;
0,016;5,16138;-0,9025609;2,324179;2,33862;
0,016;5,147538;-0,8651429;2,33862;2,352462;
0,016;5,134298;-0,8275036;2,352462;2,365702;
0,016;5,121664;-0,7896523;2,365702;2,378336;
0,016;5,109638;-0,751599;2,378336;2,390362;
0,016;5,098225;-0,7133532;2,390362;2,401775;
0,016;5,087426;-0,6749247;2,401775;2,412574;
0,016;5,077245;-0,6363236;2,412574;2,422755;
0,016;5,067684;-0,5975595;2,422755;2,432316;
0,016;5,058745;-0,5586424;2,432316;2,441255;
0,016;5,050432;-0,5195824;2,441255;2,449568;
0,016;5,042746;-0,4803893;2,449568;2,457254;
0,016;5,035689;-0,4410732;2,457254;2,464311;
0,016;5,029263;-0,4016443;2,464311;2,470737;
0,016;5,023469;-0,3621125;2,470737;2,476531;
0,016;5,018309;-0,322488;2,476531;2,481691;
0,016;5,013784;-0,2827809;2,481691;2,486216;
0,016;5,009896;-0,2430014;2,486216;2,490104;
0,016;5,006646;-0,2031598;2,490104;2,493354;
0,016;5,004034;-0,1632661;2,493354;2,495966;
0,016;5,00206;-0,1233306;2,495966;2,49794;
0,016;5,000727;-0,08336359;2,49794;2,499273;
0,016;5,000033;-0,04337522;2,499273;2,499967;
0,016;4,999979;-0,003375743;2,499967;2,500021;
0,016;5,000565;0,0366246;2,500021;2,499435;
0,016;5,001791;0,07661556;2,499435;2,498209;
0,016;5,003656;0,1165869;2,498209;2,496344;
0,016;5,006161;0,1565284;2,496344;2,493839;
0,016;5,009304;0,1964298;2,493839;2,490696;
0,016;5,013084;0,236281;2,490696;2,486916;
0,016;5,017501;0,2760716;2,486916;2,482499;
0,016;5,022553;0,3157916;2,482499;2,477447;
0,016;5,02824;0,3554308;2,477447;2,47176;
0,016;5,03456;0,3949789;2,47176;2,46544;
0,016;5,041511;0,434426;2,46544;2,458489;
0,016;5,049091;0,4737618;2,458489;2,450909;
0,016;5,057299;0,5129763;2,450909;2,442701;
0,016;5,066132;0,5520596;2,442701;2,433868;
0,016;5,075588;0,5910015;2,433868;2,424412;
0,016;5,085664;0,6297921;2,424412;2,414336;
0,016;5,096359;0,6684214;2,414336;2,403641;
0,016;5,107669;0,7068797;2,403641;2,392331;
0,016;5,119592;0,7451569;2,392331;2,380408;
0,016;5,132123;0,7832435;2,380408;2,367877;
0,016;5,145262;0,8211295;2,367877;2,354738;
0,016;5,159003;0,8588053;2,354738;2,340997;
0,016;5,173343;0,8962613;2,340997;2,326657;
0,016;5,188279;0,9334878;2,326657;2,311721;
0,016;5,203807;0,9704753;2,311721;2,296193;
0,016;5,219923;1,007214;2,296193;2,280077;
0,016;5,236622;1,043696;2,280077;2,263378;
0,016;5,253901;1,07991;2,263378;2,246099;
0,016;5,271754;1,115847;2,246099;2,228246;
0,016;5,290178;1,151499;2,228246;2,209822;
0,016;5,309168;1,186856;2,209822;2,190832;
0,016;5,328718;1,22191;2,190832;2,171282;
0,016;5,348825;1,25665;2,171282;2,151175;
0,016;5,369482;1,291069;2,151175;2,130518;
0,016;5,390684;1,325157;2,130518;2,109316;
0,016;5,412426;1,358907;2,109316;2,087574;
0,016;5,434703;1,392308;2,087574;2,065297;
0,016;5,457509;1,425352;2,065297;2,042491;
0,016;5,480837;1,458032;2,042491;2,019163;
0,016;5,504683;1,490339;2,019163;1,995317;
0,016;5,529039;1,522264;1,995317;1,970961;
0,016;5,5539;1,553799;1,970961;1,9461;
0,016;5,579259;1,584937;1,9461;1,920741;
0,016;5,60511;1,615669;1,920741;1,89489;
0,016;5,631445;1,645987;1,89489;1,868555;
0,016;5,658259;1,675884;1,868555;1,841741;
0,016;5,685545;1,705352;1,841741;1,814455;
0,016;5,713295;1,734383;1,814455;1,786705;
0,016;5,741502;1,76297;1,786705;1,758498;
0,016;5,77016;1,791106;1,758498;1,72984;
0,016;5,799261;1,818784;1,72984;1,700739;
0,016;5,828796;1,845995;1,700739;1,671204;
0,016;5,85876;1,872735;1,671204;1,64124;
0,016;5,889144;1,898994;1,64124;1,610856;
0,016;5,919941;1,924768;1,610856;1,580059;
0,016;5,951142;1,950049;1,580059;1,548858;
0,016;5,982739;1,974831;1,548858;1,517261;
0,016;6,014725;1,999107;1,517261;1,485275;
0,016;6,047091;2,022871;1,485275;1,452909;
0,016;6,079828;2,046118;1,452909;1,420172;
0,016;6,11293;2,068841;1,420172;1,38707;
0,016;6,146386;2,091034;1,38707;1,353614;
0,016;6,180189;2,112691;1,353614;1,319811;
0,016;6,21433;2,133808;1,319811;1,28567;
0,016;6,2488;2,154379;1,28567;1,2512;
0,016;6,283591;2,174398;1,2512;1,216409;
0,016;6,318693;2,193861;1,216409;1,181307;
0,016;6,354097;2,212762;1,181307;1,145903;
0,016;6,389794;2,231096;1,145903;1,110206;
0,016;6,425776;2,24886;1,110206;1,074224;
0,016;6,462033;2,266047;1,074224;1,037967;
0,016;6,498555;2,282655;1,037967;1,001445;
0,016;6,535334;2,298678;1,001445;0,9646659;
0,016;6,57236;2,314113;0,9646659;0,92764;
0,016;6,609623;2,328955;0,92764;0,8903766;
0,016;6,647115;2,343201;0,8903766;0,8528852;
0,016;6,684824;2,356847;0,8528852;0,8151755;
0,016;6,722743;2,36989;0,8151755;0,7772574;
0,016;6,76086;2,382326;0,7772574;0,73914;
0,016;6,799166;2,394152;0,73914;0,7008338;
0,016;6,837652;2,405366;0,7008338;0,6623478;
0,016;6,876307;2,415963;0,6623478;0,6236925;
0,016;6,915123;2,425942;0,6236925;0,5848775;
0,016;6,954087;2,4353;0,5848775;0,5459127;
0,016;6,993192;2,444035;0,5459127;0,5068083;
0,016;7,032426;2,452144;0,5068083;0,4675741;
0,016;7,07178;2,459625;0,4675741;0,4282203;
0,016;7,111243;2,466476;0,4282203;0,3887568;
0,016;7,150806;2,472696;0,3887568;0,3491936;
0,016;7,190459;2,478283;0,3491936;0,3095412;
0,016;7,230191;2,483236;0,3095412;0,2698092;
0,016;7,269991;2,487553;0,2698092;0,2300086;
0,016;7,309851;2,491233;0,2300086;0,1901488;
0,016;7,34976;2,494276;0,1901488;0,1502404;
0,016;7,389707;2,49668;0,1502404;0,1102934;
0,016;7,429682;2,498444;0,1102934;0,07031822;
0,016;7,469675;2,499569;0,07031822;0,03032494;
0,016;7,509676;2,500055;0,03032494;-0,00967598;
0,016;7,549675;2,4999;-0,00967598;-0,04967451;
0,016;7,58966;2,499105;-0,04967451;-0,08966017;
0,016;7,629623;2,49767;-0,08966017;-0,1296229;
0,016;7,669552;2,495596;-0,1296229;-0,1695523;
0,016;7,709438;2,492884;-0,1695523;-0,2094383;
0,016;7,749271;2,489533;-0,2094383;-0,2492709;
0,016;7,78904;2,485544;-0,2492709;-0,2890396;
0,016;7,828734;2,48092;-0,2890396;-0,3287344;
0,016;7,868345;2,47566;-0,3287344;-0,3683448;
0,016;7,907861;2,469767;-0,3683448;-0,4078612;
0,016;7,947273;2,463241;-0,4078612;-0,4472733;
0,016;7,986571;2,456084;-0,4472733;-0,4865708;
0,016;8,025743;2,448299;-0,4865708;-0,5257435;
0,016;8,064782;2,439888;-0,5257435;-0,5647821;
0,016;8,103676;2,430851;-0,5647821;-0,6036758;
0,016;8,142415;2,421192;-0,6036758;-0,642415;
0,016;8,180989;2,410913;-0,642415;-0,6809893;
0,016;8,21939;2,400018;-0,6809893;-0,7193899;
0,016;8,257607;2,388508;-0,7193899;-0,7576065;
0,016;8,295629;2,376386;-0,7576065;-0,7956285;
0,016;8,333447;2,363656;-0,7956285;-0,8334475;
0,016;8,371053;2,350321;-0,8334475;-0,8710527;
0,016;8,408435;2,336384;-0,8710527;-0,9084349;
0,016;8,445584;2,321849;-0,9084349;-0,9455843;
0,016;8,482491;2,30672;-0,9455843;-0,9824915;
0,016;8,519148;2,291;-0,9824915;-1,019148;
0,016;8,555543;2,274693;-1,019148;-1,055543;
0,016;8,591668;2,257805;-1,055543;-1,091668;
0,016;8,627514;2,240338;-1,091668;-1,127514;
0,016;8,663071;2,222298;-1,127514;-1,163071;
0,016;8,69833;2,203689;-1,163071;-1,19833;
0,016;8,733282;2,184515;-1,19833;-1,233282;
0,016;8,767919;2,164783;-1,233282;-1,267919;
0,016;8,802231;2,144496;-1,267919;-1,302231;
0,016;8,836209;2,12366;-1,302231;-1,336209;
0,016;8,869845;2,102281;-1,336209;-1,369845;
0,016;8,903131;2,080364;-1,369845;-1,403131;
0,016;8,936058;2,057913;-1,403131;-1,436058;
0,016;8,968617;2,034936;-1,436058;-1,468617;
0,016;9,0008;2,011439;-1,468617;-1,5008;
0,016;9,032598;1,987426;-1,5008;-1,532598;
0,016;9,064005;1,962904;-1,532598;-1,564005;
0,016;9,095011;1,93788;-1,564005;-1,595011;
0,016;9,125608;1,91236;-1,595011;-1,625608;
0,016;9,15579;1,88635;-1,625608;-1,65579;
0,016;9,185548;1,859858;-1,65579;-1,685548;
0,016;9,214874;1,832889;-1,685548;-1,714874;
0,016;9,243761;1,805451;-1,714874;-1,743761;
0,016;9,272202;1,777551;-1,743761;-1,772202;
0,016;9,300189;1,749195;-1,772202;-1,800189;
0,016;9,327715;1,720392;-1,800189;-1,827715;
0,016;9,354774;1,691149;-1,827715;-1,854774;
0,016;9,381357;1,661473;-1,854774;-1,881357;
0,016;9,407459;1,631371;-1,881357;-1,907459;
0,016;9,433073;1,600851;-1,907459;-1,933073;
0,016;9,458192;1,569922;-1,933073;-1,958192;
0,016;9,482809;1,538591;-1,958192;-1,982809;
0,016;9,506919;1,506866;-1,982809;-2,006919;
0,016;9,530515;1,474756;-2,006919;-2,030515;
0,016;9,553591;1,442267;-2,030515;-2,053591;
0,016;9,576141;1,40941;-2,053591;-2,076141;
0,016;9,598161;1,376192;-2,076141;-2,098161;
0,016;9,619642;1,342621;-2,098161;-2,119642;
0,016;9,640581;1,308707;-2,119642;-2,140581;
0,016;9,660973;1,274457;-2,140581;-2,160973;
0,016;9,680811;1,239882;-2,160973;-2,180811;
0,016;9,70009;1,204989;-2,180811;-2,20009;
0,016;9,718807;1,169788;-2,20009;-2,218807;
0,016;9,736956;1,134287;-2,218807;-2,236956;
0,016;9,754532;1,098495;-2,236956;-2,254532;
0,016;9,77153;1,062423;-2,254532;-2,27153;
0,016;9,787948;1,026078;-2,27153;-2,287948;
0,016;9,80378;0,9894712;-2,287948;-2,30378;
0,016;9,819021;0,9526107;-2,30378;-2,319021;
0,016;9,83367;0,9155064;-2,319021;-2,33367;
0,016;9,84772;0,8781676;-2,33367;-2,34772;
0,016;9,86117;0,8406041;-2,34772;-2,36117;
0,016;9,874015;0,8028254;-2,36117;-2,374015;
0,016;9,886252;0,7648411;-2,374015;-2,386252;
0,016;9,897879;0,7266611;-2,386252;-2,397879;
0,016;9,908892;0,688295;-2,397879;-2,408892;
0,016;9,919288;0,6497527;-2,408892;-2,419288;
0,016;9,929065;0,6110441;-2,419288;-2,429065;
0,016;9,93822;0,5721791;-2,429065;-2,43822;
0,016;9,946751;0,5331675;-2,43822;-2,446751;
0,016;9,954655;0,4940195;-2,446751;-2,454655;
0,016;9,96193;0,4547451;-2,454655;-2,46193;
0,016;9,968575;0,4153542;-2,46193;-2,468575;
0,016;9,974589;0,375857;-2,468575;-2,474589;
0,016;9,97997;0,3362635;-2,474589;-2,47997;
0,016;9,984715;0,296584;-2,47997;-2,484715;
0,016;9,988825;0,2568285;-2,484715;-2,488825;
0,016;9,992297;0,2170073;-2,488825;-2,492297;
0,016;9,995131;0,1771306;-2,492297;-2,495131;
0,016;9,997327;0,1372085;-2,495131;-2,497327;
0,016;9,998883;0,09725124;-2,497327;-2,498883;
0,016;9,9998;0,05726911;-2,498883;-2,4998;
0,016;10,00008;0,01727231;-2,4998;-2,500076;
0,016;9,999713;-0,02272891;-2,500076;-2,499713;
0,016;9,99871;-0,06272432;-2,499713;-2,49871;
0,016;9,997066;-0,1027037;-2,49871;-2,497066;
0,016;9,994784;-0,1426567;-2,497066;-2,494784;
0,016;9,991863;-0,1825733;-2,494784;-2,491863;
0,016;9,988304;-0,2224431;-2,491863;-2,488304;
0,016;9,984108;-0,262256;-2,488304;-2,484108;
0,016;9,979276;-0,3020017;-2,484108;-2,479276;
0,016;9,973809;-0,3416701;-2,479276;-2,473809;
0,016;9,96771;-0,381251;-2,473809;-2,46771;
0,016;9,960978;-0,4207344;-2,46771;-2,460978;
0,016;9,953616;-0,46011;-2,460978;-2,453616;
0,016;9,945626;-0,4993679;-2,453616;-2,445626;
0,016;9,937011;-0,5384979;-2,445626;-2,437011;
0,016;9,927771;-0,5774901;-2,437011;-2,427771;
0,016;9,91791;-0,6163344;-2,427771;-2,41791;
0,016;9,90743;-0,655021;-2,41791;-2,40743;
0,016;9,896333;-0,6935399;-2,40743;-2,396333;
0,016;9,884623;-0,7318812;-2,396333;-2,384623;
0,016;9,872302;-0,7700351;-2,384623;-2,372302;
0,016;9,859374;-0,807992;-2,372302;-2,359374;
0,016;9,845842;-0,845742;-2,359374;-2,345842;
0,016;9,83171;-0,8832754;-2,345842;-2,33171;
0,016;9,81698;-0,9205828;-2,33171;-2,31698;
0,016;9,801658;-0,9576545;-2,31698;-2,301658;
0,016;9,785746;-0,9944811;-2,301658;-2,285746;
0,016;9,769249;-1,031053;-2,285746;-2,269249;
0,016;9,752172;-1,067361;-2,269249;-2,252172;
0,016;9,734517;-1,103396;-2,252172;-2,234517;
0,016;9,71629;-1,139148;-2,234517;-2,21629;
0,016;9,697496;-1,174609;-2,21629;-2,197496;
0,016;9,67814;-1,209769;-2,197496;-2,17814;
0,016;9,658226;-1,244619;-2,17814;-2,158226;
0,016;9,637759;-1,27915;-2,158226;-2,137759;
0,016;9,616746;-1,313355;-2,137759;-2,116746;
0,016;9,59519;-1,347223;-2,116746;-2,09519;
0,016;9,573098;-1,380746;-2,09519;-2,073098;
0,016;9,550475;-1,413915;-2,073098;-2,050475;
0,016;9,527328;-1,446723;-2,050475;-2,027328;
0,016;9,503661;-1,47916;-2,027328;-2,003661;
0,016;9,479482;-1,511219;-2,003661;-1,979482;
0,016;9,454796;-1,54289;-1,979482;-1,954796;
0,016;9,429609;-1,574167;-1,954796;-1,929609;
0,016;9,403929;-1,605041;-1,929609;-1,903929;
0,016;9,377761;-1,635504;-1,903929;-1,877761;
0,016;9,351112;-1,665548;-1,877761;-1,851112;
0,016;9,32399;-1,695166;-1,851112;-1,82399;
0,016;9,2964;-1,72435;-1,82399;-1,7964;
0,016;9,268351;-1,753092;-1,7964;-1,768351;
0,016;9,239848;-1,781386;-1,768351;-1,739848;
0,016;9,2109;-1,809223;-1,739848;-1,7109;
0,016;9,181515;-1,836598;-1,7109;-1,681515;
0,016;9,151699;-1,863502;-1,681515;-1,651699;
0,016;9,12146;-1,889929;-1,651699;-1,62146;
0,016;9,090806;-1,915872;-1,62146;-1,590806;
0,016;9,059745;-1,941325;-1,590806;-1,559745;
0,016;9,028284;-1,966281;-1,559745;-1,528284;
0,016;8,996432;-1,990734;-1,528284;-1,496432;
0,016;8,964197;-2,014677;-1,496432;-1,464197;
0,016;8,931587;-2,038104;-1,464197;-1,431587;
0,016;8,898611;-2,061009;-1,431587;-1,398611;
0,016;8,865277;-2,083387;-1,398611;-1,365277;
0,016;8,831594;-2,105231;-1,365277;-1,331594;
0,016;8,797569;-2,126537;-1,331594;-1,297569;
0,016;8,763212;-2,147298;-1,297569;-1,263212;
0,016;8,728532;-2,167509;-1,263212;-1,228532;
0,016;8,693537;-2,187166;-1,228532;-1,193537;
0,016;8,658237;-2,206262;-1,193537;-1,158237;
0,016;8,62264;-2,224794;-1,158237;-1,12264;
0,016;8,586756;-2,242756;-1,12264;-1,086756;
0,016;8,550593;-2,260144;-1,086756;-1,050593;
0,016;8,514162;-2,276954;-1,050593;-1,014162;
0,016;8,477471;-2,29318;-1,014162;-0,9774714;
0,016;8,44053;-2,30882;-0,9774714;-0,9405298;
0,016;8,403348;-2,323869;-0,9405298;-0,903348;
0,016;8,365934;-2,338322;-0,903348;-0,8659344;
0,016;8,3283;-2,352177;-0,8659344;-0,8282995;
0,016;8,290453;-2,36543;-0,8282995;-0,790453;
0,016;8,252403;-2,378077;-0,790453;-0,7524033;
0,016;8,214162;-2,390115;-0,7524033;-0,7141619;
0,016;8,175737;-2,401542;-0,7141619;-0,6757374;
0,016;8,137139;-2,412354;-0,6757374;-0,6371393;
0,016;8,098378;-2,422548;-0,6371393;-0,5983782;
0,016;8,059464;-2,432122;-0,5983782;-0,5594645;
0,016;8,020408;-2,441074;-0,5594645;-0,5204077;
0,016;7,981217;-2,4494;-0,5204077;-0,4812174;
0,016;7,941904;-2,4571;-0,4812174;-0,4419036;
0,016;7,902477;-2,46417;-0,4419036;-0,4024768;
0,016;7,862947;-2,47061;-0,4024768;-0,362947;
0,016;7,823324;-2,476417;-0,362947;-0,3233242;
0,016;7,783619;-2,48159;-0,3233242;-0,2836189;
0,016;7,743841;-2,486128;-0,2836189;-0,2438407;
0,016;7,704;-2,49003;-0,2438407;-0,204;
0,016;7,664107;-2,493294;-0,204;-0,1641073;
0,016;7,624173;-2,495919;-0,1641073;-0,1241727;
0,016;7,584206;-2,497906;-0,1241727;-0,0842061;
0,016;7,544218;-2,499253;-0,0842061;-0,04421806;
0,016;7,504219;-2,499961;-0,04421806;-0,004218578;
0,016;7,464218;-2,500028;-0,004218578;0,03578186;
0,016;7,424227;-2,499456;0,03578186;0,07577324;
0,016;7,384255;-2,498243;0,07577324;0,1157451;
0,016;7,344313;-2,496391;0,1157451;0,1556873;
0,016;7,30441;-2,4939;0,1556873;0,1955895;
0,016;7,264558;-2,490771;0,1955895;0,2354417;
0,016;7,224766;-2,487004;0,2354417;0,2752337;
0,016;7,185045;-2,4826;0,2752337;0,3149552;
0,016;7,145404;-2,477561;0,3149552;0,3545961;
0,016;7,105854;-2,471887;0,3545961;0,3941464;
0,016;7,066404;-2,465581;0,3941464;0,4335957;
0,016;7,027066;-2,458643;0,4335957;0,4729338;
0,016;6,987849;-2,451076;0,4729338;0,5121508;
0,016;6,948763;-2,442882;0,5121508;0,5512371;
0,016;6,909818;-2,434062;0,5512371;0,5901823;
0,016;6,871024;-2,424619;0,5901823;0,6289763;
0,016;6,832391;-2,414556;0,6289763;0,6676092;
0,016;6,793929;-2,403874;0,6676092;0,7060714;
0,016;6,755647;-2,392577;0,7060714;0,7443528;
0,016;6,717556;-2,380667;0,7443528;0,7824435;
0,016;6,679666;-2,368148;0,7824435;0,820334;
0,016;6,641986;-2,355022;0,820334;0,8580141;
0,016;6,604525;-2,341294;0,8580141;0,8954749;
0,016;6,567294;-2,326967;0,8954749;0,9327064;
0,016;6,530301;-2,312043;0,9327064;0,9696989;
0,016;6,493556;-2,296528;0,9696989;1,006444;
0,016;6,45707;-2,280425;1,006444;1,04293;
0,016;6,42085;-2,263738;1,04293;1,07915;
0,016;6,384907;-2,246472;1,07915;1,115093;
0,016;6,349249;-2,22863;1,115093;1,150751;
0,016;6,313885;-2,210218;1,150751;1,186115;
0,016;6,278825;-2,19124;1,186115;1,221175;
0,016;6,244078;-2,171701;1,221175;1,255922;
0,016;6,209652;-2,151607;1,255922;1,290348;
0,016;6,175557;-2,130961;1,290348;1,324443;
0,016;6,141801;-2,10977;1,324443;1,358199;
0,016;6,108392;-2,088039;1,358199;1,391608;
0,016;6,07534;-2,065773;1,391608;1,42466;
0,016;6,042652;-2,042979;1,42466;1,457348;
0,016;6,010337;-2,019661;1,457348;1,489663;
0,016;5,978404;-1,995827;1,489663;1,521596;
0,016;5,94686;-1,971481;1,521596;1,55314;
0,016;5,915714;-1,946631;1,55314;1,584286;
0,016;5,884974;-1,921282;1,584286;1,615026;
0,016;5,854647;-1,895442;1,615026;1,645353;
0,016;5,824741;-1,869116;1,645353;1,675259;
0,016;5,795264;-1,842312;1,675259;1,704736;
0,016;5,766223;-1,815036;1,704736;1,733777;
0,016;5,737626;-1,787296;1,733777;1,762374;
0,016;5,70948;-1,759098;1,762374;1,79052;
0,016;5,681793;-1,730449;1,79052;1,818207;
0,016;5,654572;-1,701358;1,818207;1,845428;
0,016;5,627822;-1,671831;1,845428;1,872178;
0,016;5,601552;-1,641876;1,872178;1,898448;
0,016;5,575768;-1,611501;1,898448;1,924232;
0,016;5,550477;-1,580714;1,924232;1,949523;
0,016;5,525685;-1,549521;1,949523;1,974315;
0,016;5,501398;-1,517932;1,974315;1,998602;
0,016;5,477623;-1,485955;1,998602;2,022377;
0,016;5,454365;-1,453596;2,022377;2,045635;
0,016;5,431632;-1,420866;2,045635;2,068368;
0,016;5,409427;-1,387772;2,068368;2,090573;
0,016;5,387758;-1,354323;2,090573;2,112242;
0,016;5,366629;-1,320527;2,112242;2,133371;
0,016;5,346047;-1,286394;2,133371;2,153953;
0,016;5,326016;-1,25193;2,153953;2,173984;
0,016;5,306541;-1,217147;2,173984;2,193459;
0,016;5,287629;-1,182051;2,193459;2,212371;
0,016;5,269282;-1,146653;2,212371;2,230718;
0,016;5,251507;-1,110962;2,230718;2,248493;
0,016;5,234307;-1,074986;2,248493;2,265693;
0,016;5,217687;-1,038735;2,265693;2,282313;
0,016;5,201652;-1,002218;2,282313;2,298348;
0,016;5,186204;-0,9654442;2,298348;2,313796;
0,016;5,17135;-0,9284235;2,313796;2,32865;
0,016;5,157091;-0,8911651;2,32865;2,342909;
0,016;5,143432;-0,8536785;2,342909;2,356568;
0,016;5,130376;-0,8159734;2,356568;2,369624;
0,016;5,117927;-0,7780594;2,369624;2,382073;
0,016;5,106088;-0,7399462;2,382073;2,393912;
0,016;5,094862;-0,7016436;2,393912;2,405138;
0,016;5,084251;-0,6631615;2,405138;2,415749;
0,016;5,074259;-0,6245095;2,415749;2,425741;
0,016;5,064888;-0,5856976;2,425741;2,435112;
0,016;5,05614;-0,5467358;2,435112;2,44386;
0,016;5,048018;-0,507634;2,44386;2,451982;
0,016;5,040524;-0,4684023;2,451982;2,459476;
0,016;5,033659;-0,4290507;2,459476;2,466341;
0,016;5,027426;-0,3895893;2,466341;2,472574;
0,016;5,021825;-0,3500281;2,472574;2,478175;
0,016;5,016859;-0,3103773;2,478175;2,483141;
0,016;5,012529;-0,270647;2,483141;2,487471;
0,016;5,008835;-0,2308475;2,487471;2,491165;
0,016;5,005779;-0,1909888;2,491165;2,494221;
0,016;5,003362;-0,1510813;2,494221;2,496638;
0,016;5,001584;-0,1111351;2,496638;2,498416;
0,016;5,000445;-0,07116045;2,498416;2,499555;
0,016;4,999947;-0,03116757;2,499555;2,500053;
0,016;5,000088;0,008833282;2,500053;2,499912;
0,016;5,000869;0,04883188;2,499912;2,499131;
0,016;5,00229;0,08881797;2,499131;2,49771;
0,016;5,004351;0,1287813;2,49771;2,495649;
0,016;5,00705;0,1687117;2,495649;2,49295;
0,016;5,010387;0,2085989;2,49295;2,489613;
0,016;5,014362;0,2484327;2,489613;2,485638;
0,016;5,018973;0,2882029;2,485638;2,481027;
0,016;5,02422;0,3278993;2,481027;2,47578;
0,016;5,0301;0,3675118;2,47578;2,4699;
0,016;5,036613;0,4070303;2,4699;2,463387;
0,016;5,043756;0,4464445;2,463387;2,456244;
0,016;5,051528;0,4857444;2,456244;2,448472;
0,016;5,059926;0,5249199;2,448472;2,440074;
0,016;5,068949;0,5639611;2,440074;2,431051;
0,016;5,078595;0,6028579;2,431051;2,421405;
0,016;5,088861;0,6416004;2,421405;2,411139;
0,016;5,099744;0,6801786;2,411139;2,400256;
0,016;5,111241;0,7185827;2,400256;2,388759;
0,016;5,12335;0,7568029;2,388759;2,37665;
0,016;5,136067;0,7948292;2,37665;2,363933;
0,016;5,14939;0,8326522;2,363933;2,35061;
0,016;5,163314;0,8702619;2,35061;2,336686;
0,016;5,177836;0,9076489;2,336686;2,322164;
0,016;5,192953;0,9448035;2,322164;2,307047;
0,016;5,208661;0,9817162;2,307047;2,291339;
0,016;5,224955;1,018378;2,291339;2,275045;
0,016;5,241831;1,054778;2,275045;2,258169;
0,016;5,259285;1,090909;2,258169;2,240715;
0,016;5,277314;1,12676;2,240715;2,222686;
0,016;5,295911;1,162323;2,222686;2,204089;
0,016;5,315072;1,197589;2,204089;2,184928;
0,016;5,334793;1,232548;2,184928;2,165207;
0,016;5,355068;1,267191;2,165207;2,144932;
0,016;5,375892;1,30151;2,144932;2,124108;
0,016;5,39726;1,335496;2,124108;2,10274;
0,016;5,419166;1,36914;2,10274;2,080834;
0,016;5,441605;1,402433;2,080834;2,058395;
0,016;5,464571;1,435367;2,058395;2,035429;
0,016;5,488058;1,467934;2,035429;2,011942;
0,016;5,51206;1,500125;2,011942;1,98794;
0,016;5,536571;1,531932;1,98794;1,963429;
0,016;5,561584;1,563347;1,963429;1,938416;
0,016;5,587094;1,594362;1,938416;1,912906;
0,016;5,613094;1,624968;1,912906;1,886906;
0,016;5,639576;1,655159;1,886906;1,860424;
0,016;5,666535;1,684926;1,860424;1,833465;
0,016;5,693964;1,714261;1,833465;1,806036;
0,016;5,721854;1,743158;1,806036;1,778146;
0,016;5,7502;1,771608;1,778146;1,7498;
0,016;5,778994;1,799605;1,7498;1,721006;
0,016;5,808228;1,827141;1,721006;1,691772;
0,016;5,837895;1,854209;1,691772;1,662105;
0,016;5,867988;1,880803;1,662105;1,632012;
0,016;5,898499;1,906915;1,632012;1,601501;
0,016;5,929419;1,932539;1,601501;1,570581;
0,016;5,960742;1,957668;1,570581;1,539258;
0,016;5,992458;1,982297;1,539258;1,507542;
0,016;6,024561;2,006417;1,507542;1,475439;
0,016;6,057041;2,030024;1,475439;1,442959;
0,016;6,089891;2,053112;1,442959;1,410109;
0,016;6,123102;2,075673;1,410109;1,376898;
0,016;6,156665;2,097704;1,376898;1,343335;
0,016;6,190572;2,119197;1,343335;1,309428;
0,016;6,224814;2,140148;1,309428;1,275186;
0,016;6,259383;2,160551;1,275186;1,240617;
0,016;6,294269;2,180401;1,240617;1,205731;
0,016;6,329464;2,199692;1,205731;1,170536;
0,016;6,364959;2,218421;1,170536;1,135041;
0,016;6,400744;2,236581;1,135041;1,099256;
0,016;6,43681;2,254169;1,099256;1,06319;
0,016;6,473149;2,27118;1,06319;1,026851;
0,016;6,509751;2,28761;1,026851;0,9902492;
0,016;6,546606;2,303454;0,9902492;0,9533939;
0,016;6,583705;2,318708;0,9533939;0,9162946;
0,016;6,621039;2,333369;0,9162946;0,8789606;
0,016;6,658598;2,347432;0,8789606;0,8414016;
0,016;6,696373;2,360895;0,8414016;0,8036275;
0,016;6,734353;2,373753;0,8036275;0,7656474;
0,016;6,772529;2,386003;0,7656474;0,7274714;
0,016;6,810891;2,397643;0,7274714;0,6891088;
0,016;6,84943;2,408669;0,6891088;0,6505699;
0,016;6,888135;2,419078;0,6505699;0,6118646;
0,016;6,926997;2,428868;0,6118646;0,5730028;
0,016;6,966006;2,438036;0,5730028;0,5339942;
0,016;7,005151;2,44658;0,5339942;0,4948487;
0,016;7,044423;2,454497;0,4948487;0,4555769;
0,016;7,083812;2,461787;0,4555769;0,4161882;
0,016;7,123307;2,468446;0,4161882;0,3766932;
0,016;7,162899;2,474473;0,3766932;0,3371015;
0,016;7,202577;2,479866;0,3371015;0,2974234;
0,016;7,242331;2,484625;0,2974234;0,2576694;
0,016;7,282151;2,488748;0,2576694;0,2178493;
0,016;7,322026;2,492233;0,2178493;0,1779737;
0,016;7,361948;2,495081;0,1779737;0,1380525;
0,016;7,401904;2,49729;0,1380525;0,09809589;
0,016;7,441886;2,498859;0,09809589;0,05811405;
0,016;7,481883;2,499789;0,05811405;0,01811743;
0,016;7,521884;2,500079;0,01811743;-0,02188396;
0,016;7,56188;2,499729;-0,02188396;-0,06187963;
0,016;7,60186;2,498739;-0,06187963;-0,1018596;
0,016;7,641813;2,497109;-0,1018596;-0,1418133;
0,016;7,681731;2,49484;-0,1418133;-0,1817307;
0,016;7,721601;2,491932;-0,1817307;-0,2216015;
0,016;7,761415;2,488387;-0,2216015;-0,2614155;
0,016;7,801163;2,484204;-0,2614155;-0,3011627;
0,016;7,840833;2,479385;-0,3011627;-0,3408327;
0,016;7,880415;2,473932;-0,3408327;-0,3804154;
0,016;7,919901;2,467845;-0,3804154;-0,4199009;
0,016;7,959279;2,461127;-0,4199009;-0,4592791;
0,016;7,998539;2,453779;-0,4592791;-0,4985394;
0,016;8,037672;2,445802;-0,4985394;-0,537672;
0,016;8,076667;2,437199;-0,537672;-0,5766668;
0,016;8,115515;2,427973;-0,5766668;-0,6155148;
0,016;8,154204;2,418124;-0,6155148;-0,6542044;
0,016;8,192727;2,407657;-0,6542044;-0,6927271;
0,016;8,231072;2,396574;-0,6927271;-0,7310724;
0,016;8,269231;2,384876;-0,7310724;-0,7692308;
0,016;8,307192;2,372569;-0,7692308;-0,8071918;
0,016;8,344946;2,359654;-0,8071918;-0,8449459;
0,016;8,382484;2,346135;-0,8449459;-0,8824844;
0,016;8,419797;2,332015;-0,8824844;-0,9197969;
0,016;8,456874;2,317298;-0,9197969;-0,9568739;
0,016;8,493706;2,301988;-0,9568739;-0,9937057;
0,016;8,530283;2,286089;-0,9937057;-1,030283;
0,016;8,566597;2,269604;-1,030283;-1,066597;
0,016;8,602637;2,252539;-1,066597;-1,102637;
0,016;8,638395;2,234896;-1,102637;-1,138395;
0,016;8,673862;2,216682;-1,138395;-1,173862;
0,016;8,709029;2,1979;-1,173862;-1,209029;
0,016;8,743886;2,178556;-1,209029;-1,243886;
0,016;8,778424;2,158653;-1,243886;-1,278424;
0,016;8,812635;2,138199;-1,278424;-1,312635;
0,016;8,846511;2,117197;-1,312635;-1,346511;
0,016;8,880041;2,095652;-1,346511;-1,380041;
0,016;8,913218;2,073572;-1,380041;-1,413218;
0,016;8,946033;2,05096;-1,413218;-1,446033;
0,016;8,978478;2,027824;-1,446033;-1,478478;
0,016;9,010545;2,004168;-1,478478;-1,510545;
0,016;9,042225;1,979999;-1,510545;-1,542225;
0,016;9,07351;1,955324;-1,542225;-1,57351;
0,016;9,104393;1,930148;-1,57351;-1,604393;
0,016;9,134865;1,904477;-1,604393;-1,634865;
0,016;9,164918;1,878319;-1,634865;-1,664918;
0,016;9,194545;1,851681;-1,664918;-1,694545;
0,016;9,223738;1,824568;-1,694545;-1,723738;
0,016;9,252489;1,796988;-1,723738;-1,752489;
0,016;9,280792;1,768948;-1,752489;-1,780792;
0,016;9,30864;1,740456;-1,780792;-1,80864;
0,016;9,336023;1,711517;-1,80864;-1,836023;
0,016;9,362938;1,682141;-1,836023;-1,862938;
0,016;9,389376;1,652334;-1,862938;-1,889376;
0,016;9,415329;1,622104;-1,889376;-1,915329;
0,016;9,440792;1,591459;-1,915329;-1,940792;
0,016;9,465758;1,560406;-1,940792;-1,965758;
0,016;9,490222;1,528954;-1,965758;-1,990222;
0,016;9,514175;1,49711;-1,990222;-2,014175;
0,016;9,537614;1,464883;-2,014175;-2,037614;
0,016;9,560531;1,432282;-2,037614;-2,060531;
0,016;9,58292;1,399313;-2,060531;-2,08292;
0,016;9,604775;1,365986;-2,08292;-2,104775;
0,016;9,626092;1,33231;-2,104775;-2,126092;
0,016;9,646865;1,298293;-2,126092;-2,146865;
0,016;9,667088;1,263943;-2,146865;-2,167088;
0,016;9,686756;1,229269;-2,167088;-2,186756;
0,016;9,705865;1,194281;-2,186756;-2,205865;
0,016;9,724409;1,158987;-2,205865;-2,224409;
0,016;9,742383;1,123397;-2,224409;-2,242383;
0,016;9,759784;1,087519;-2,242383;-2,259784;
0,016;9,776606;1,051362;-2,259784;-2,276606;
0,016;9,792845;1,014936;-2,276606;-2,292845;
0,016;9,808496;0,9782509;-2,292845;-2,308496;
0,016;9,823558;0,941315;-2,308496;-2,323558;
0,016;9,838024;0,9041381;-2,323558;-2,338024;
0,016;9,851892;0,8667297;-2,338024;-2,351892;
0,016;9,865157;0,8290994;-2,351892;-2,365157;
0,016;9,877817;0,7912569;-2,365157;-2,377817;
0,016;9,889869;0,7532119;-2,377817;-2,389869;
0,016;9,901308;0,7149739;-2,389869;-2,401308;
0,016;9,912133;0,676553;-2,401308;-2,412133;
0,016;9,92234;0,6379589;-2,412133;-2,42234;
0,016;9,931928;0,5992014;-2,42234;-2,431928;
0,016;9,940892;0,5602906;-2,431928;-2,440892;
0,016;9,949232;0,5212363;-2,440892;-2,449232;
0,016;9,956944;0,4820486;-2,449232;-2,456944;
0,016;9,964028;0,4427375;-2,456944;-2,464028;
0,016;9,970481;0,403313;-2,464028;-2,470481;
0,016;9,976301;0,3637853;-2,470481;-2,476301;
0,016;9,981488;0,3241645;-2,476301;-2,481488;
0,016;9,986039;0,2844607;-2,481488;-2,486039;
0,016;9,989954;0,2446841;-2,486039;-2,489954;
0,016;9,993232;0,2048448;-2,489954;-2,493232;
0,016;9,995871;0,1649531;-2,493232;-2,495871;
0,016;9,99787;0,1250192;-2,495871;-2,49787;
0,016;9,999231;0,08505324;-2,49787;-2,499231;
0,016;9,999952;0,04506553;-2,499231;-2,499952;
0,016;10,00003;0,005066294;-2,499952;-2,500033;
0,016;9,999475;-0,03493424;-2,500033;-2,499475;
0,016;9,998276;-0,07492584;-2,499475;-2,498276;
0,016;9,996437;-0,1148982;-2,498276;-2,496437;
0,016;9,993959;-0,1548412;-2,496437;-2,493959;
0,016;9,990844;-0,1947446;-2,493959;-2,490844;
0,016;9,98709;-0,2345981;-2,490844;-2,48709;
0,016;9,982699;-0,2743915;-2,48709;-2,482699;
0,016;9,977674;-0,3141147;-2,482699;-2,477674;
0,016;9,972013;-0,3537575;-2,477674;-2,472013;
0,016;9,96572;-0,3933097;-2,472013;-2,46572;
0,016;9,958796;-0,4327613;-2,46572;-2,458796;
0,016;9,951241;-0,472102;-2,458796;-2,451241;
0,016;9,94306;-0,5113218;-2,451241;-2,44306;
0,016;9,934254;-0,5504108;-2,44306;-2,434254;
0,016;9,924824;-0,5893589;-2,434254;-2,424824;
0,016;9,914773;-0,6281561;-2,424824;-2,414773;
0,016;9,904104;-0,6667925;-2,414773;-2,404104;
0,016;9,89282;-0,7052581;-2,404104;-2,39282;
0,016;9,880923;-0,7435433;-2,39282;-2,380923;
0,016;9,868417;-0,781638;-2,380923;-2,368417;
0,016;9,855305;-0,8195327;-2,368417;-2,355305;
0,016;9,841589;-0,8572176;-2,355305;-2,341589;
0,016;9,827274;-0,894683;-2,341589;-2,327274;
0,016;9,812364;-0,9319194;-2,327274;-2,312364;
0,016;9,796861;-0,9689172;-2,312364;-2,296861;
0,016;9,78077;-1,005667;-2,296861;-2,28077;
0,016;9,764095;-1,042159;-2,28077;-2,264095;
0,016;9,746841;-1,078385;-2,264095;-2,246841;
0,016;9,729012;-1,114334;-2,246841;-2,229012;
0,016;9,710612;-1,149999;-2,229012;-2,210612;
0,016;9,691647;-1,185368;-2,210612;-2,191647;
0,016;9,67212;-1,220435;-2,191647;-2,17212;
0,016;9,652037;-1,255189;-2,17212;-2,152037;
0,016;9,631403;-1,289621;-2,152037;-2,131403;
0,016;9,610224;-1,323724;-2,131403;-2,110224;
0,016;9,588504;-1,357487;-2,110224;-2,088504;
0,016;9,56625;-1,390903;-2,088504;-2,06625;
0,016;9,543467;-1,423963;-2,06625;-2,043467;
0,016;9,52016;-1,456658;-2,043467;-2,02016;
0,016;9,496336;-1,488981;-2,02016;-1,996336;
0,016;9,472001;-1,520922;-1,996336;-1,972001;
0,016;9,447162;-1,552474;-1,972001;-1,947162;
0,016;9,421824;-1,583629;-1,947162;-1,921824;
0,016;9,395993;-1,614378;-1,921824;-1,895993;
0,016;9,369678;-1,644714;-1,895993;-1,869678;
0,016;9,342883;-1,674629;-1,869678;-1,842883;
0,016;9,315618;-1,704115;-1,842883;-1,815618;
0,016;9,287887;-1,733165;-1,815618;-1,787887;
0,016;9,259698;-1,761771;-1,787887;-1,759698;
0,016;9,231059;-1,789927;-1,759698;-1,731059;
0,016;9,201977;-1,817623;-1,731059;-1,701977;
0,016;9,172459;-1,844855;-1,701977;-1,672459;
0,016;9,142513;-1,871614;-1,672459;-1,642513;
0,016;9,112147;-1,897895;-1,642513;-1,612147;
0,016;9,081368;-1,923689;-1,612147;-1,581368;
0,016;9,050184;-1,948991;-1,581368;-1,550184;
0,016;9,018603;-1,973794;-1,550184;-1,518603;
0,016;8,986634;-1,998091;-1,518603;-1,486634;
0,016;8,954285;-2,021878;-1,486634;-1,454285;
0,016;8,921562;-2,045146;-1,454285;-1,421562;
0,016;8,888476;-2,067891;-1,421562;-1,388476;
0,016;8,855035;-2,090106;-1,388476;-1,355035;
0,016;8,821246;-2,111787;-1,355035;-1,321246;
0,016;8,787119;-2,132927;-1,321246;-1,287119;
0,016;8,752663;-2,153521;-1,287119;-1,252663;
0,016;8,717886;-2,173563;-1,252663;-1,217886;
0,016;8,682797;-2,19305;-1,217886;-1,182797;
0,016;8,647406;-2,211974;-1,182797;-1,147406;
0,016;8,61172;-2,230333;-1,147406;-1,11172;
0,016;8,57575;-2,24812;-1,11172;-1,07575;
0,016;8,539505;-2,265332;-1,07575;-1,039505;
0,016;8,502994;-2,281964;-1,039505;-1,002994;
0,016;8,466226;-2,298012;-1,002994;-0,9662256;
0,016;8,42921;-2,313472;-0,9662256;-0,9292097;
0,016;8,391956;-2,328339;-0,9292097;-0,8919563;
0,016;8,354475;-2,34261;-0,8919563;-0,854475;
0,016;8,316774;-2,356282;-0,854475;-0,8167744;
0,016;8,278865;-2,36935;-0,8167744;-0,7788649;
0,016;8,240756;-2,381812;-0,7788649;-0,740756;
0,016;8,202457;-2,393664;-0,740756;-0,7024574;
0,016;8,163979;-2,404904;-0,7024574;-0,6639786;
0,016;8,12533;-2,415527;-0,6639786;-0,62533;
0,016;8,086521;-2,425533;-0,62533;-0,5865211;
0,016;8,047563;-2,434917;-0,5865211;-0,5475626;
0,016;8,008464;-2,443678;-0,5475626;-0,5084639;
0,016;7,969235;-2,451813;-0,5084639;-0,4692349;
0,016;7,929886;-2,459321;-0,4692349;-0,4298859;
0,016;7,890427;-2,466199;-0,4298859;-0,3904266;
0,016;7,850867;-2,472446;-0,3904266;-0,3508673;
0,016;7,811218;-2,47806;-0,3508673;-0,3112183;
0,016;7,77149;-2,483039;-0,3112183;-0,2714896;
0,016;7,731691;-2,487383;-0,2714896;-0,2316914;
0,016;7,691834;-2,49109;-0,2316914;-0,191834;
0,016;7,651927;-2,49416;-0,191834;-0,1519275;
0,016;7,611982;-2,496591;-0,1519275;-0,1119819;
0,016;7,572008;-2,498382;-0,1119819;-0,07200766;
0,016;7,532015;-2,499534;-0,07200766;-0,03201532;
0,016;7,492014;-2,500047;-0,03201532;0,007985592;
0,016;7,452016;-2,499919;0,007985592;0,04798412;
0,016;7,412029;-2,499151;0,04798412;0,08797073;
0,016;7,372066;-2,497744;0,08797073;0,1279345;
0,016;7,332134;-2,495697;0,1279345;0,1678658;
0,016;7,292246;-2,493011;0,1678658;0,2077541;
0,016;7,252411;-2,489687;0,2077541;0,2475891;
0,016;7,212639;-2,485725;0,2475891;0,2873607;
0,016;7,172941;-2,481128;0,2873607;0,3270588;
0,016;7,133327;-2,475895;0,3270588;0,366673;
0,016;7,093807;-2,470028;0,366673;0,4061933;
0,016;7,05439;-2,463529;0,4061933;0,4456096;
0,016;7,015088;-2,456399;0,4456096;0,4849119;
0,016;6,97591;-2,448641;0,4849119;0,5240903;
0,016;6,936866;-2,440255;0,5240903;0,5631342;
0,016;6,897966;-2,431245;0,5631342;0,6020341;
0,016;6,85922;-2,421613;0,6020341;0,64078;
0,016;6,820638;-2,41136;0,64078;0,6793618;
0,016;6,78223;-2,40049;0,6793618;0,7177696;
0,016;6,744006;-2,389006;0,7177696;0,7559938;
0,016;6,705976;-2,37691;0,7559938;0,7940245;
0,016;6,668148;-2,364206;0,7940245;0,831852;
0,016;6,630534;-2,350896;0,831852;0,8694663;
0,016;6,593142;-2,336984;0,8694663;0,906858;
0,016;6,555983;-2,322475;0,906858;0,9440174;
0,016;6,519064;-2,30737;0,9440174;0,9809356;
0,016;6,482398;-2,291676;0,9809356;1,017602;
0,016;6,445991;-2,275394;1,017602;1,054009;
0,016;6,409854;-2,25853;1,054009;1,090146;
0,016;6,373997;-2,241088;1,090146;1,126003;
0,016;6,338428;-2,223072;1,126003;1,161572;
0,016;6,303156;-2,204486;1,161572;1,196844;
0,016;6,268191;-2,185337;1,196844;1,231809;
0,016;6,233541;-2,165628;1,231809;1,266459;
0,016;6,199215;-2,145365;1,266459;1,300785;
0,016;6,165223;-2,124552;1,300785;1,334777;
0,016;6,131571;-2,103196;1,334777;1,368429;
0,016;6,09827;-2,081301;1,368429;1,40173;
0,016;6,065329;-2,058873;1,40173;1,434671;
0,016;6,032754;-2,035918;1,434671;1,467246;
0,016;6,000555;-2,012443;1,467246;1,499445;
0,016;5,96874;-1,988451;1,499445;1,53126;
0,016;5,937317;-1,963951;1,53126;1,562683;
0,016;5,906294;-1,938948;1,562683;1,593706;
0,016;5,875679;-1,913449;1,593706;1,624321;
0,016;5,845479;-1,88746;1,624321;1,654521;
0,016;5,815703;-1,860988;1,654521;1,684297;
0,016;5,786359;-1,834039;1,684297;1,713641;
0,016;5,757453;-1,806621;1,713641;1,742547;
0,016;5,728993;-1,77874;1,742547;1,771007;
0,016;5,700986;-1,750404;1,771007;1,799014;
0,016;5,67344;-1,721619;1,799014;1,82656;
0,016;5,646362;-1,692394;1,82656;1,853638;
0,016;5,619759;-1,662736;1,853638;1,880241;
0,016;5,593636;-1,632652;1,880241;1,906364;
0,016;5,568002;-1,60215;1,906364;1,931998;
0,016;5,542862;-1,571239;1,931998;1,957138;
0,016;5,518223;-1,539924;1,957138;1,981777;
0,016;5,494092;-1,508216;1,981777;2,005908;
0,016;5,470474;-1,476121;2,005908;2,029526;
0,016;5,447376;-1,443649;2,029526;2,052624;
0,016;5,424803;-1,410807;2,052624;2,075197;
0,016;5,402761;-1,377604;2,075197;2,097239;
0,016;5,381256;-1,344048;2,097239;2,118744;
0,016;5,360294;-1,310148;2,118744;2,139706;
0,016;5,339879;-1,275913;2,139706;2,160121;
0,016;5,320017;-1,241351;2,160121;2,179983;
0,016;5,300714;-1,206471;2,179983;2,199286;
0,016;5,281973;-1,171283;2,199286;2,218027;
0,016;5,263801;-1,135794;2,218027;2,236199;
0,016;5,246201;-1,100015;2,236199;2,253799;
0,016;5,229177;-1,063954;2,253799;2,270823;
0,016;5,212736;-1,027621;2,270823;2,287264;
0,016;5,196879;-0,9910247;2,287264;2,303121;
0,016;5,181612;-0,9541748;2,303121;2,318388;
0,016;5,166939;-0,9170806;2,318388;2,333061;
0,016;5,152863;-0,8797516;2,333061;2,347137;
0,016;5,139388;-0,8421974;2,347137;2,360612;
0,016;5,126517;-0,8044276;2,360612;2,373483;
0,016;5,114254;-0,7664519;2,373483;2,385746;
0,016;5,102602;-0,7282799;2,385746;2,397398;
0,016;5,091563;-0,6899216;2,397398;2,408437;
0,016;5,081141;-0,6513866;2,408437;2,418859;
0,016;5,071338;-0,6126848;2,418859;2,428662;
0,016;5,062157;-0,5738262;2,428662;2,437843;
0,016;5,053599;-0,5348207;2,437843;2,446401;
0,016;5,045669;-0,4956783;2,446401;2,454331;
0,016;5,038366;-0,456409;2,454331;2,461634;
0,016;5,031693;-0,4170228;2,461634;2,468307;
0,016;5,025653;-0,3775299;2,468307;2,474347;
0,016;5,020246;-0,3379404;2,474347;2,479754;
0,016;5,015474;-0,2982643;2,479754;2,484526;
0,016;5,011338;-0,2585119;2,484526;2,488662;
0,016;5,007839;-0,2186933;2,488662;2,492161;
0,016;5,004978;-0,1788187;2,492161;2,495022;
0,016;5,002755;-0,1388983;2,495022;2,497245;
0,016;5,001172;-0,09894241;2,497245;2,498828;
0,016;5,000229;-0,05896116;2,498828;2,499771;
0,016;4,999926;-0,01896482;2,499771;2,500074;
0,016;5,000262;0,02103637;2,500074;2,499738;
0,016;5,001239;0,06103217;2,499738;2,498761;
0,016;5,002855;0,1010123;2,498761;2,497145;
0,016;5,00511;0,1409667;2,497145;2,49489;
0,016;5,008004;0,1808849;2,49489;2,491996;
0,016;5,011536;0,2207568;2,491996;2,488464;
0,016;5,015705;0,2605723;2,488464;2,484295;
0,016;5,02051;0,300321;2,484295;2,47949;
0,016;5,02595;0,3399928;2,47949;2,47405;
0,016;5,032023;0,3795776;2,47405;2,467977;
0,016;5,038728;0,4190653;2,467977;2,461272;
0,016;5,046063;0,4584456;2,461272;2,453937;
0,016;5,054027;0,4977086;2,453937;2,445973;
0,016;5,062616;0,5368441;2,445973;2,437384;
0,016;5,07183;0,5758423;2,437384;2,42817;
0,016;5,081665;0,614693;2,42817;2,418335;
0,016;5,092119;0,6533864;2,418335;2,407881;
0,016;5,10319;0,6919125;2,407881;2,39681;
0,016;5,114874;0,7302614;2,39681;2,385126;
0,016;5,127169;0,7684234;2,385126;2,372831;
0,016;5,140071;0,8063887;2,372831;2,359929;
0,016;5,153578;0,8441476;2,359929;2,346422;
0,016;5,167685;0,8816904;2,346422;2,332315;
0,016;5,182389;0,9190074;2,332315;2,317611;
0,016;5,197687;0,9560892;2,317611;2,302313;
0,016;5,213573;0,9929262;2,302313;2,286427;
0,016;5,230046;1,029509;2,286427;2,269954;
0,016;5,247099;1,065828;2,269954;2,252901;
0,016;5,264729;1,101875;2,252901;2,235271;
0,016;5,282931;1,137639;2,235271;2,217069;
0,016;5,301701;1,173112;2,217069;2,198299;
0,016;5,321033;1,208285;2,198299;2,178967;
0,016;5,340924;1,243148;2,178967;2,159076;
0,016;5,361367;1,277694;2,159076;2,138633;
0,016;5,382357;1,311912;2,138633;2,117643;</StdOut>
      </Output>
    </UnitTestResult>
  </Results>
</TestRun>